Loading biopython/1.79
  Loading requirement: intel-mkl/2020.3.304 python3/3.9.2 pythonlib/3.9.2
Traceback (most recent call last):
  File "/g/data/xl04/ka6418/github/ausarg/nextflow/non-experimental/work/82/fe6e3ed848099b5c413a630e22d7eb/.command.sh", line 2, in <module>
    from Bio import SeqIO
  File "/g/data/if89/apps/biopython/1.79/lib/python3.9/site-packages/Bio/SeqIO/__init__.py", line 374, in <module>
    from Bio.Align import MultipleSeqAlignment
  File "/g/data/if89/apps/biopython/1.79/lib/python3.9/site-packages/Bio/Align/__init__.py", line 18, in <module>
    from Bio.Align import _aligners
ImportError: cannot import name '_aligners' from partially initialized module 'Bio.Align' (most likely due to a circular import) (/g/data/if89/apps/biopython/1.79/lib/python3.9/site-packages/Bio/Align/__init__.py)

======================================================================================
                  Resource Usage on 2023-11-21 10:19:28:
   Job Id:             101926755.gadi-pbs
   Project:            xl04
   Exit Status:        1
   Service Units:      0.03
   NCPUs Requested:    8                      NCPUs Used: 8               
                                           CPU Time Used: 00:00:02        
   Memory Requested:   16.0GB                Memory Used: 71.46MB         
   Walltime requested: 01:00:00            Walltime Used: 00:00:06        
   JobFS requested:    100.0MB                JobFS used: 0B              
======================================================================================
