Loading python3/3.11.0
  Loading requirement: intel-mkl/2022.2.0
[INFO][0m read sequences ...
[INFO][0m 150 sequences loaded
[INFO][0m sorting ...
[INFO][0m output ...
[bwa_index] Pack FASTA... 0.13 sec
[bwa_index] Construct BWT for the packed sequence...
[bwa_index] 7.09 seconds elapse.
[bwa_index] Update BWT... 0.10 sec
[bwa_index] Pack forward-only FASTA... 0.07 sec
[bwa_index] Construct SA from BWT and Occ... 3.50 sec
[main] Version: 0.7.17-r1188
[main] CMD: bwa index base.fa
[main] Real time: 11.006 sec; CPU: 10.881 sec

======================================================================================
                  Resource Usage on 2023-11-23 16:15:31:
   Job Id:             102228183.gadi-pbs
   Project:            xl04
   Exit Status:        271 (Linux Signal 15 SIGTERM Termination)
   Service Units:      0.59
   NCPUs Requested:    16                     NCPUs Used: 16              
                                           CPU Time Used: 00:01:03        
   Memory Requested:   32.0GB                Memory Used: 302.81MB        
   Walltime requested: 01:00:00            Walltime Used: 00:01:06        
   JobFS requested:    10.0GB                 JobFS used: 53.39MB         
======================================================================================
