Dec-06 15:31:41.027 [main] DEBUG nextflow.cli.Launcher - $> nextflow run /g/data/xl04/ka6418/bassiana_exp/autoplotter/plot_long.nf --filepath /g/data/xl04/bpadata/Bassiana_duperreyi/raw/evaluation/longread_qc --output /g/data/xl04/ka6418/bassiana_exp/autoplotter
Dec-06 15:31:41.082 [main] INFO  nextflow.cli.CmdRun - N E X T F L O W  ~  version 23.04.3
Dec-06 15:31:41.104 [main] DEBUG nextflow.plugin.PluginsFacade - Setting up plugin manager > mode=prod; embedded=false; plugins-dir=/home/150/ka6418/.nextflow/plugins; core-plugins: nf-amazon@1.16.2,nf-azure@1.0.1,nf-codecommit@0.1.4,nf-console@1.0.5,nf-ga4gh@1.0.5,nf-google@1.7.3,nf-tower@1.5.12,nf-wave@0.8.4
Dec-06 15:31:41.114 [main] INFO  org.pf4j.DefaultPluginStatusProvider - Enabled plugins: []
Dec-06 15:31:41.115 [main] INFO  org.pf4j.DefaultPluginStatusProvider - Disabled plugins: []
Dec-06 15:31:41.118 [main] INFO  org.pf4j.DefaultPluginManager - PF4J version 3.4.1 in 'deployment' mode
Dec-06 15:31:41.128 [main] INFO  org.pf4j.AbstractPluginManager - No plugins
Dec-06 15:31:41.206 [main] DEBUG nextflow.cli.CmdRun - Applied DSL=2 by global default
Dec-06 15:31:41.215 [main] INFO  nextflow.cli.CmdRun - Launching `/g/data/xl04/ka6418/bassiana_exp/autoplotter/plot_long.nf` [cranky_tuckerman] DSL2 - revision: a3fb42d22f
Dec-06 15:31:41.215 [main] DEBUG nextflow.plugin.PluginsFacade - Plugins default=[]
Dec-06 15:31:41.215 [main] DEBUG nextflow.plugin.PluginsFacade - Plugins resolved requirement=[]
Dec-06 15:31:41.227 [main] DEBUG nextflow.secret.LocalSecretsProvider - Secrets store: /home/150/ka6418/.nextflow/secrets/store.json
Dec-06 15:31:41.233 [main] DEBUG nextflow.secret.SecretsLoader - Discovered secrets providers: [nextflow.secret.LocalSecretsProvider@53a5e217] - activable => nextflow.secret.LocalSecretsProvider@53a5e217
Dec-06 15:31:41.351 [main] DEBUG nextflow.Session - Session UUID: 89e2874f-ad10-47d2-a1d1-4b21c1807636
Dec-06 15:31:41.352 [main] DEBUG nextflow.Session - Run name: cranky_tuckerman
Dec-06 15:31:41.354 [main] DEBUG nextflow.Session - Executor pool size: 48
Dec-06 15:31:41.373 [main] DEBUG nextflow.util.ThreadPoolBuilder - Creating thread pool 'FileTransfer' minSize=10; maxSize=144; workQueue=LinkedBlockingQueue[10000]; allowCoreThreadTimeout=false
Dec-06 15:31:41.406 [main] DEBUG nextflow.cli.CmdRun - 
  Version: 23.04.3 build 5876
  Created: 18-09-2023 03:27 UTC (13:27 GMT+10:00)
  System: Linux 4.18.0-477.27.1.el8.nci.x86_64
  Runtime: Groovy 3.0.16 on OpenJDK 64-Bit Server VM 17.0.2+8-86
  Encoding: UTF-8 (UTF-8)
  Process: 3608659@gadi-login-02.gadi.nci.org.au [10.6.152.2]
  CPUs: 48 - Mem: 4 GB (1.9 GB) - Swap: 16 GB (13.7 GB)
Dec-06 15:31:41.443 [main] DEBUG nextflow.Session - Work-dir: /g/data/xl04/ka6418/github/ausarg/work [lustre]
Dec-06 15:31:41.443 [main] DEBUG nextflow.Session - Script base path does not exist or is not a directory: /g/data/xl04/ka6418/bassiana_exp/autoplotter/bin
Dec-06 15:31:41.475 [main] DEBUG nextflow.executor.ExecutorFactory - Extension executors providers=[GoogleLifeSciencesExecutor, AwsBatchExecutor, GoogleBatchExecutor]
Dec-06 15:31:41.486 [main] DEBUG nextflow.Session - Observer factory: DefaultObserverFactory
Dec-06 15:31:41.488 [main] DEBUG nextflow.Session - Observer factory: TowerFactory
Dec-06 15:31:41.506 [main] DEBUG nextflow.cache.CacheFactory - Using Nextflow cache factory: nextflow.cache.DefaultCacheFactory
Dec-06 15:31:41.515 [main] DEBUG nextflow.util.CustomThreadPool - Creating default thread pool > poolSize: 49; maxThreads: 1000
Dec-06 15:31:41.694 [main] DEBUG nextflow.Session - Session start
Dec-06 15:31:42.003 [main] ERROR nextflow.cli.Launcher - Script compilation error
- file : /g/data/xl04/ka6418/bassiana_exp/autoplotter/plot_long.nf
- cause: token recognition error at: '"' @ line 31, column 83.
   ern = "_ont_length_freq\\.csv$", full.na
                                 ^

1 error

nextflow.exception.ScriptCompilationException: Script compilation error
- file : /g/data/xl04/ka6418/bassiana_exp/autoplotter/plot_long.nf
- cause: token recognition error at: '"' @ line 31, column 83.
   ern = "_ont_length_freq\\.csv$", full.na
                                 ^

1 error

	at nextflow.script.ScriptParser.parse(ScriptParser.groovy:187)
	at nextflow.script.ScriptParser.parse(ScriptParser.groovy:194)
	at nextflow.script.ScriptParser.parse(ScriptParser.groovy:199)
	at nextflow.script.ScriptRunner.parseScript(ScriptRunner.groovy:210)
	at nextflow.script.ScriptRunner.execute(ScriptRunner.groovy:128)
	at nextflow.cli.CmdRun.run(CmdRun.groovy:368)
	at nextflow.cli.Launcher.run(Launcher.groovy:494)
	at nextflow.cli.Launcher.main(Launcher.groovy:653)
Caused by: org.codehaus.groovy.control.MultipleCompilationErrorsException: startup failed:
Script_13679243: 31: token recognition error at: '"' @ line 31, column 83.
   ern = "_ont_length_freq\\.csv$", full.na
                                 ^

1 error

	at org.codehaus.groovy.control.ErrorCollector.failIfErrors(ErrorCollector.java:292)
	at org.codehaus.groovy.control.ErrorCollector.addFatalError(ErrorCollector.java:148)
	at org.apache.groovy.parser.antlr4.AstBuilder.collectSyntaxError(AstBuilder.java:4321)
	at org.apache.groovy.parser.antlr4.AstBuilder.access$000(AstBuilder.java:176)
	at org.apache.groovy.parser.antlr4.AstBuilder$1.syntaxError(AstBuilder.java:4332)
	at groovyjarjarantlr4.v4.runtime.ProxyErrorListener.syntaxError(ProxyErrorListener.java:44)
	at groovyjarjarantlr4.v4.runtime.Lexer.notifyListeners(Lexer.java:381)
	at groovyjarjarantlr4.v4.runtime.Lexer.nextToken(Lexer.java:145)
	at groovyjarjarantlr4.v4.runtime.BufferedTokenStream.fetch(BufferedTokenStream.java:170)
	at groovyjarjarantlr4.v4.runtime.BufferedTokenStream.sync(BufferedTokenStream.java:153)
	at groovyjarjarantlr4.v4.runtime.BufferedTokenStream.consume(BufferedTokenStream.java:137)
	at groovyjarjarantlr4.v4.runtime.atn.ParserATNSimulator.execDFA(ParserATNSimulator.java:560)
	at groovyjarjarantlr4.v4.runtime.atn.ParserATNSimulator.adaptivePredict(ParserATNSimulator.java:409)
	at groovyjarjarantlr4.v4.runtime.atn.ParserATNSimulator.adaptivePredict(ParserATNSimulator.java:357)
	at org.apache.groovy.parser.antlr4.GroovyParser.commandExpression(GroovyParser.java:9302)
	at org.apache.groovy.parser.antlr4.GroovyParser.statementExpression(GroovyParser.java:8067)
	at org.apache.groovy.parser.antlr4.GroovyParser.statement(GroovyParser.java:6915)
	at org.apache.groovy.parser.antlr4.GroovyParser.scriptStatement(GroovyParser.java:514)
	at org.apache.groovy.parser.antlr4.GroovyParser.scriptStatements(GroovyParser.java:410)
	at org.apache.groovy.parser.antlr4.GroovyParser.compilationUnit(GroovyParser.java:357)
	at org.apache.groovy.parser.antlr4.AstBuilder.buildCST(AstBuilder.java:250)
	at org.apache.groovy.parser.antlr4.AstBuilder.buildCST(AstBuilder.java:228)
	at org.apache.groovy.parser.antlr4.AstBuilder.buildAST(AstBuilder.java:269)
	at org.apache.groovy.parser.antlr4.Antlr4ParserPlugin.buildAST(Antlr4ParserPlugin.java:58)
	at org.codehaus.groovy.control.SourceUnit.buildAST(SourceUnit.java:256)
	at java.base/java.util.Iterator.forEachRemaining(Iterator.java:133)
	at java.base/java.util.Spliterators$IteratorSpliterator.forEachRemaining(Spliterators.java:1845)
	at java.base/java.util.stream.ReferencePipeline$Head.forEach(ReferencePipeline.java:762)
	at org.codehaus.groovy.control.CompilationUnit.buildASTs(CompilationUnit.java:667)
	at org.codehaus.groovy.control.CompilationUnit.compile(CompilationUnit.java:633)
	at groovy.lang.GroovyClassLoader.doParseClass(GroovyClassLoader.java:389)
	at groovy.lang.GroovyClassLoader.lambda$parseClass$3(GroovyClassLoader.java:332)
	at org.codehaus.groovy.runtime.memoize.StampedCommonCache.compute(StampedCommonCache.java:163)
	at org.codehaus.groovy.runtime.memoize.StampedCommonCache.getAndPut(StampedCommonCache.java:154)
	at groovy.lang.GroovyClassLoader.parseClass(GroovyClassLoader.java:330)
	at groovy.lang.GroovyShell.parseClass(GroovyShell.java:526)
	at groovy.lang.GroovyShell.parse(GroovyShell.java:538)
	at groovy.lang.GroovyShell.parse(GroovyShell.java:570)
	at nextflow.script.ScriptParser.parse(ScriptParser.groovy:169)
	... 7 common frames omitted
