Loading python3/3.11.0
  Loading requirement: intel-mkl/2022.2.0
[INFO][0m read sequences ...
[INFO][0m 150 sequences loaded
[INFO][0m sorting ...
[INFO][0m output ...
[bwa_index] Pack FASTA... 0.13 sec
[bwa_index] Construct BWT for the packed sequence...
[bwa_index] 6.79 seconds elapse.
[bwa_index] Update BWT... 0.10 sec
[bwa_index] Pack forward-only FASTA... 0.08 sec
[bwa_index] Construct SA from BWT and Occ... 3.61 sec
[main] Version: 0.7.17-r1188
[main] CMD: bwa index base.fa
[main] Real time: 10.817 sec; CPU: 10.709 sec
Generate site positions done
Starting Juicer
Juicer finished
Running 3D-DNA
finisheed .assembly
...Remapping contact data from the original contig set to assembly
...Building track files
...Building the hic file
Not including fragment map
Start preprocess
Writing header
Writing body
..
Writing footer

Finished preprocess
HiC file version: 8

Calculating norms for zoom BP_2500000
Calculating norms for zoom BP_1000000
Calculating norms for zoom BP_500000
Calculating norms for zoom BP_250000
Calculating norms for zoom BP_100000
Calculating norms for zoom BP_50000
Calculating norms for zoom BP_25000
Calculating norms for zoom BP_10000
Calculating norms for zoom BP_5000
Calculating norms for zoom BP_1000
Writing expected
Writing norms
Finished writing norms
finisheed .hic
finisheed final
moving things now
finished move

======================================================================================
                  Resource Usage on 2023-12-20 10:22:25:
   Job Id:             104550775.gadi-pbs
   Project:            xl04
   Exit Status:        0
   Service Units:      1.81
   NCPUs Requested:    16                     NCPUs Used: 16              
                                           CPU Time Used: 00:10:09        
   Memory Requested:   32.0GB                Memory Used: 5.15GB          
   Walltime requested: 01:00:00            Walltime Used: 00:03:24        
   JobFS requested:    10.0GB                 JobFS used: 1.18GB          
======================================================================================
