Generate site positions done
Starting Juicer
Juicer finished
Running 3D-DNA
finisheed .assembly
...Remapping contact data from the original contig set to assembly
...Building track files
...Building the hic file
Not including fragment map
Start preprocess
Writing header
Writing body
..
Writing footer

Finished preprocess
HiC file version: 8

Calculating norms for zoom BP_2500000
Calculating norms for zoom BP_1000000
Calculating norms for zoom BP_500000
Calculating norms for zoom BP_250000
Calculating norms for zoom BP_100000
Calculating norms for zoom BP_50000
Calculating norms for zoom BP_25000
Calculating norms for zoom BP_10000
Calculating norms for zoom BP_5000
Calculating norms for zoom BP_1000
Writing expected
Writing norms
Finished writing norms
finisheed .hic
finisheed final
moving things now
finished move
