Nov-20 09:24:14.108 [main] DEBUG nextflow.cli.Launcher - $> nextflow /g/data/xl04/ka6418/github/ausarg/nextflow/pipeline/sqltest.nf -config /g/data/xl04/ka6418/github/ausarg/nextflow/pipeline/sqltest.config --topfolder /g/data/xl04/ka6418/github/ausarg/nextflow/outtest
Nov-20 09:24:14.191 [main] INFO  nextflow.cli.CmdRun - N E X T F L O W  ~  version 23.04.3
Nov-20 09:24:14.207 [main] DEBUG nextflow.plugin.PluginsFacade - Setting up plugin manager > mode=prod; embedded=false; plugins-dir=/home/150/ka6418/.nextflow/plugins; core-plugins: nf-amazon@1.16.2,nf-azure@1.0.1,nf-codecommit@0.1.4,nf-console@1.0.5,nf-ga4gh@1.0.5,nf-google@1.7.3,nf-tower@1.5.12,nf-wave@0.8.4
Nov-20 09:24:14.215 [main] INFO  org.pf4j.DefaultPluginStatusProvider - Enabled plugins: []
Nov-20 09:24:14.216 [main] INFO  org.pf4j.DefaultPluginStatusProvider - Disabled plugins: []
Nov-20 09:24:14.218 [main] INFO  org.pf4j.DefaultPluginManager - PF4J version 3.4.1 in 'deployment' mode
Nov-20 09:24:14.227 [main] INFO  org.pf4j.AbstractPluginManager - No plugins
Nov-20 09:24:14.245 [main] DEBUG nextflow.config.ConfigBuilder - User config file: /g/data/xl04/ka6418/github/ausarg/nextflow/pipeline/sqltest.config
Nov-20 09:24:14.245 [main] DEBUG nextflow.config.ConfigBuilder - Parsing config file: /g/data/xl04/ka6418/github/ausarg/nextflow/pipeline/sqltest.config
Nov-20 09:24:14.264 [main] DEBUG nextflow.config.ConfigBuilder - Applying config profile: `standard`
Nov-20 09:24:14.854 [main] DEBUG nextflow.cli.CmdRun - Applied DSL=2 by global default
Nov-20 09:24:14.859 [main] INFO  nextflow.cli.CmdRun - Launching `/g/data/xl04/ka6418/github/ausarg/nextflow/pipeline/sqltest.nf` [sharp_lamarck] DSL2 - revision: 4f0696b858
Nov-20 09:24:14.860 [main] WARN  nextflow.plugin.PluginsFacade - Nextflow self-contained distribution allows only core plugins -- User config plugins will be ignored: nf-sqldb
Nov-20 09:24:14.870 [main] DEBUG nextflow.secret.LocalSecretsProvider - Secrets store: /home/150/ka6418/.nextflow/secrets/store.json
Nov-20 09:24:14.872 [main] DEBUG nextflow.secret.SecretsLoader - Discovered secrets providers: [nextflow.secret.LocalSecretsProvider@2fe74516] - activable => nextflow.secret.LocalSecretsProvider@2fe74516
Nov-20 09:24:14.953 [main] DEBUG nextflow.Session - Session UUID: cec4c50f-61d4-426b-94f7-ce9067b8fddd
Nov-20 09:24:14.962 [main] DEBUG nextflow.Session - Run name: sharp_lamarck
Nov-20 09:24:14.963 [main] DEBUG nextflow.Session - Executor pool size: 48
Nov-20 09:24:14.983 [main] DEBUG nextflow.util.ThreadPoolBuilder - Creating thread pool 'FileTransfer' minSize=10; maxSize=144; workQueue=LinkedBlockingQueue[10000]; allowCoreThreadTimeout=false
Nov-20 09:24:15.008 [main] DEBUG nextflow.cli.CmdRun - 
  Version: 23.04.3 build 5876
  Created: 18-09-2023 03:27 UTC (13:27 GMT+10:00)
  System: Linux 4.18.0-477.27.1.el8.nci.x86_64
  Runtime: Groovy 3.0.16 on OpenJDK 64-Bit Server VM 17.0.2+8-86
  Encoding: UTF-8 (UTF-8)
  Process: 1866565@gadi-login-03.gadi.nci.org.au [10.6.152.3]
  CPUs: 48 - Mem: 4 GB (2.4 GB) - Swap: 16 GB (15.4 GB)
Nov-20 09:24:15.033 [main] DEBUG nextflow.Session - Work-dir: /g/data/xl04/ka6418/github/ausarg/nextflow/pipeline/work [lustre]
Nov-20 09:24:15.034 [main] DEBUG nextflow.Session - Script base path does not exist or is not a directory: /g/data/xl04/ka6418/github/ausarg/nextflow/pipeline/bin
Nov-20 09:24:15.066 [main] DEBUG nextflow.executor.ExecutorFactory - Extension executors providers=[GoogleLifeSciencesExecutor, AwsBatchExecutor, GoogleBatchExecutor]
Nov-20 09:24:15.076 [main] DEBUG nextflow.Session - Observer factory: DefaultObserverFactory
Nov-20 09:24:15.078 [main] DEBUG nextflow.Session - Observer factory: TowerFactory
Nov-20 09:24:15.095 [main] DEBUG nextflow.cache.CacheFactory - Using Nextflow cache factory: nextflow.cache.DefaultCacheFactory
Nov-20 09:24:15.103 [main] DEBUG nextflow.util.CustomThreadPool - Creating default thread pool > poolSize: 49; maxThreads: 1000
Nov-20 09:24:15.186 [main] DEBUG nextflow.Session - Session start
Nov-20 09:24:15.490 [main] DEBUG nextflow.script.ScriptRunner - > Launching execution
Nov-20 09:24:15.503 [main] DEBUG nextflow.plugin.PluginUpdater - Installing plugin nf-sqldb version: latest
Nov-20 09:24:15.813 [main] INFO  org.pf4j.AbstractPluginManager - Plugin 'nf-sqldb@0.5.0' resolved
Nov-20 09:24:15.814 [main] INFO  org.pf4j.AbstractPluginManager - Start plugin 'nf-sqldb@0.5.0'
Nov-20 09:24:15.830 [main] DEBUG nextflow.plugin.BasePlugin - Plugin started nf-sqldb@0.5.0
Nov-20 09:24:15.831 [main] DEBUG nextflow.script.IncludeDef - Loading included plugin extensions with names: [fromQuery:fromQuery]; plugin Id: nf-sqldb
Nov-20 09:24:15.945 [main] DEBUG nextflow.executor.ExecutorFactory - << taskConfig executor: pbspro
Nov-20 09:24:15.945 [main] DEBUG nextflow.executor.ExecutorFactory - >> processorType: 'pbspro'
Nov-20 09:24:15.951 [main] DEBUG nextflow.executor.Executor - [warm up] executor > pbspro
Nov-20 09:24:15.954 [main] DEBUG n.processor.TaskPollingMonitor - Creating task monitor for executor 'pbspro' > capacity: 100; pollInterval: 5s; dumpInterval: 5m 
Nov-20 09:24:15.957 [main] DEBUG n.executor.AbstractGridExecutor - Creating executor 'pbspro' > queue-stat-interval: 1m
Nov-20 09:24:16.002 [main] DEBUG nextflow.Session - Workflow process names [dsl2]: fastqmetrics
Nov-20 09:24:16.002 [main] DEBUG nextflow.Session - Igniting dataflow network (2)
Nov-20 09:24:16.002 [main] DEBUG nextflow.sql.QueryHandler - Creating SQL connection: SqlDataSource[url=jdbc:sqlite:/g/data/xl04/ka6418/github/ausarg/nextflow/pipeline/inputdb.db; driver=org.sqlite.JDBC; user=sa; password=null]
Nov-20 09:24:16.095 [main] DEBUG nextflow.processor.TaskProcessor - Starting process > fastqmetrics
Nov-20 09:24:16.095 [main] DEBUG nextflow.script.ScriptRunner - > Awaiting termination 
Nov-20 09:24:16.095 [main] DEBUG nextflow.Session - Session await
Nov-20 09:24:16.254 [Task submitter] WARN  nextflow.executor.PbsProExecutor - cpus and memory directives are ignored when clusterOptions contains -l option
tip: clusterOptions = { "-l ncpus=${task.cpus},mem=${task.memory.toGiga()}G..." }
Nov-20 09:24:16.398 [Task submitter] DEBUG nextflow.executor.GridTaskHandler - [PBSPRO] submitted process fastqmetrics (1) > jobId: 101851926.gadi-pbs; workDir: /g/data/xl04/ka6418/github/ausarg/nextflow/pipeline/work/46/5a8205492ad2f3c58c6e74e8edbe18
Nov-20 09:24:16.399 [Task submitter] INFO  nextflow.Session - [46/5a8205] Submitted process > fastqmetrics (1)
Nov-20 09:25:45.972 [Task monitor] DEBUG n.processor.TaskPollingMonitor - Task completed > TaskHandler[jobId: 101851926.gadi-pbs; id: 1; name: fastqmetrics (1); status: COMPLETED; exit: 0; error: -; workDir: /g/data/xl04/ka6418/github/ausarg/nextflow/pipeline/work/46/5a8205492ad2f3c58c6e74e8edbe18 started: 1700436335971; exited: 2023-11-19T23:25:45Z; ]
Nov-20 09:25:46.009 [Task monitor] DEBUG nextflow.processor.TaskProcessor - Handling unexpected condition for
  task: name=fastqmetrics (1); work-dir=/g/data/xl04/ka6418/github/ausarg/nextflow/pipeline/work/46/5a8205492ad2f3c58c6e74e8edbe18
  error [nextflow.exception.MissingFileException]: Missing output file(s) `*_stats.csv` expected by process `fastqmetrics (1)`
Nov-20 09:25:46.044 [Task monitor] ERROR nextflow.processor.TaskProcessor - Error executing process > 'fastqmetrics (1)'

Caused by:
  Missing output file(s) `*_stats.csv` expected by process `fastqmetrics (1)`

Command executed:

  module load biopython/1.79
  
  python3 /g/data/xl04/ka6418/github/ausarg/nextflow/long-read-qv/long-read-qv.py --i testhifi.fq.gz --o pipeline --s BASDU --p PACBIO_SMRT --f PAF987

Command exit status:
  0

Command output:
  CSV output and log file written to: pipeline

Command error:
  Loading biopython/1.79
    Loading requirement: intel-mkl/2020.3.304 python3/3.9.2 pythonlib/3.9.2

Work dir:
  /g/data/xl04/ka6418/github/ausarg/nextflow/pipeline/work/46/5a8205492ad2f3c58c6e74e8edbe18

Tip: when you have fixed the problem you can continue the execution adding the option `-resume` to the run command line
Nov-20 09:25:46.049 [Task monitor] DEBUG nextflow.Session - Session aborted -- Cause: Missing output file(s) `*_stats.csv` expected by process `fastqmetrics (1)`
Nov-20 09:25:46.050 [main] DEBUG nextflow.Session - Session await > all processes finished
Nov-20 09:25:46.060 [main] DEBUG nextflow.Session - Session await > all barriers passed
Nov-20 09:25:46.071 [main] DEBUG nextflow.trace.WorkflowStatsObserver - Workflow completed > WorkflowStats[succeededCount=0; failedCount=1; ignoredCount=0; cachedCount=0; pendingCount=0; submittedCount=0; runningCount=0; retriesCount=0; abortedCount=0; succeedDuration=0ms; failedDuration=10s; cachedDuration=0ms;loadCpus=0; loadMemory=0; peakRunning=1; peakCpus=1; peakMemory=0; ]
Nov-20 09:25:46.268 [main] DEBUG nextflow.cache.CacheDB - Closing CacheDB done
Nov-20 09:25:46.268 [main] INFO  org.pf4j.AbstractPluginManager - Stop plugin 'nf-sqldb@0.5.0'
Nov-20 09:25:46.268 [main] DEBUG nextflow.plugin.BasePlugin - Plugin stopped nf-sqldb
Nov-20 09:25:46.279 [main] DEBUG nextflow.script.ScriptRunner - > Execution complete -- Goodbye
