[M::ha_analyze_count] lowest: count[5] = 3
[M::ha_analyze_count] highest: count[6] = 395067
[M::ha_hist_line]     2: ****************************************************************************************************> 91751247
[M::ha_hist_line]     3:  131
[M::ha_hist_line]     4: ****************************************************************************************************> 4497233
[M::ha_hist_line]     5:  3
[M::ha_hist_line]     6: **************************************************************************************************** 395067
[M::ha_hist_line]  rest: ****************************************************************************************************> 437625
[M::ha_analyze_count] left: none
[M::ha_analyze_count] right: count[8] = 133630
[M::ha_ft_gen] peak_hom: 8; peak_het: 6
[M::ha_ct_shrink::14.853*3.04] ==> counted 36767 distinct minimizer k-mers
[M::ha_ft_gen::15.028*3.01@17.501GB] ==> filtered out 36767 k-mers occurring 40 or more times
[M::ha_opt_update_cov] updated max_n_chain to 100
[M::yak_count] collected 3788 minimizers
[M::yak_count] collected 3788 minimizers
[M::yak_count] collected 4200974 minimizers
[M::yak_count] collected 4200974 minimizers
[M::ha_pt_gen::19.154*3.24] ==> counted 3822719 distinct minimizer k-mers
[M::ha_pt_gen] count[4095] = 0 (for sanity check)
[M::ha_analyze_count] lowest: count[5] = 0
[M::ha_analyze_count] highest: count[6] = 18047
[M::ha_hist_line]     2: ****************************************************************************************************> 3603061
[M::ha_hist_line]     3:  0
[M::ha_hist_line]     4: ****************************************************************************************************> 176691
[M::ha_hist_line]     5:  0
[M::ha_hist_line]     6: **************************************************************************************************** 18047
[M::ha_hist_line]  rest: ****************************************************************************************************> 24920
[M::ha_analyze_count] left: none
[M::ha_analyze_count] right: count[8] = 7224
[M::ha_pt_gen] peak_hom: 8; peak_het: 6
[M::ha_ct_shrink::19.173*3.25] ==> counted 3822719 distinct minimizer k-mers
[M::ha_pt_gen::] counting in normal mode
[M::yak_count] collected 8409524 minimizers
[M::yak_count] collected 0 minimizers
[M::yak_count] collected 0 minimizers
[M::yak_count] collected 0 minimizers
[M::ha_pt_gen::20.760*3.58] ==> indexed 8409524 positions, counted 3822719 distinct minimizer k-mers
[M::ha_assemble::24.748*4.89@17.501GB] ==> corrected reads for round 1
[M::ha_assemble] # bases: 304380644; # corrected bases: 4258; # recorrected bases: 32
[M::ha_assemble] size of buffer: 0.170GB
[M::yak_count] collected 8406488 minimizers
[M::yak_count] collected 0 minimizers
[M::yak_count] collected 0 minimizers
[M::yak_count] collected 0 minimizers
[M::ha_pt_gen::26.505*4.98] ==> counted 3821940 distinct minimizer k-mers
[M::ha_pt_gen] count[4095] = 0 (for sanity check)
[M::ha_analyze_count] lowest: count[5] = 0
[M::ha_analyze_count] highest: count[6] = 18392
[M::ha_hist_line]     2: ****************************************************************************************************> 3602375
[M::ha_hist_line]     3:  0
[M::ha_hist_line]     4: ****************************************************************************************************> 176321
[M::ha_hist_line]     5:  0
[M::ha_hist_line]     6: **************************************************************************************************** 18392
[M::ha_hist_line]  rest: ****************************************************************************************************> 24852
[M::ha_analyze_count] left: none
[M::ha_analyze_count] right: count[8] = 7203
[M::ha_pt_gen] peak_hom: 8; peak_het: 6
[M::ha_ct_shrink::26.535*4.99] ==> counted 3821940 distinct minimizer k-mers
[M::ha_pt_gen::] counting in normal mode
[M::yak_count] collected 8406488 minimizers
[M::yak_count] collected 0 minimizers
[M::yak_count] collected 0 minimizers
[M::yak_count] collected 0 minimizers
[M::ha_pt_gen::28.001*5.15] ==> indexed 8406488 positions, counted 3821940 distinct minimizer k-mers
[M::ha_assemble::32.075*5.97@17.501GB] ==> corrected reads for round 2
[M::ha_assemble] # bases: 304380148; # corrected bases: 756; # recorrected bases: 10
[M::ha_assemble] size of buffer: 0.161GB
[M::yak_count] collected 8408744 minimizers
[M::yak_count] collected 0 minimizers
[M::yak_count] collected 0 minimizers
[M::yak_count] collected 0 minimizers
[M::ha_pt_gen::33.503*6.06] ==> counted 3821771 distinct minimizer k-mers
[M::ha_pt_gen] count[4095] = 0 (for sanity check)
[M::ha_analyze_count] lowest: count[5] = 0
[M::ha_analyze_count] highest: count[6] = 18406
[M::ha_hist_line]     2: ****************************************************************************************************> 3602186
[M::ha_hist_line]     3:  0
[M::ha_hist_line]     4: ****************************************************************************************************> 176278
[M::ha_hist_line]     5:  0
[M::ha_hist_line]     6: **************************************************************************************************** 18406
[M::ha_hist_line]  rest: ****************************************************************************************************> 24901
[M::ha_analyze_count] left: none
[M::ha_analyze_count] right: count[8] = 7221
[M::ha_pt_gen] peak_hom: 8; peak_het: 6
[M::ha_ct_shrink::33.548*6.05] ==> counted 3821771 distinct minimizer k-mers
[M::ha_pt_gen::] counting in normal mode
[M::yak_count] collected 8408744 minimizers
[M::yak_count] collected 0 minimizers
[M::yak_count] collected 0 minimizers
[M::yak_count] collected 0 minimizers
[M::ha_pt_gen::35.324*6.09] ==> indexed 8408744 positions, counted 3821771 distinct minimizer k-mers
[M::ha_assemble::40.040*6.56@17.501GB] ==> corrected reads for round 3
[M::ha_assemble] # bases: 304380170; # corrected bases: 168; # recorrected bases: 4
[M::ha_assemble] size of buffer: 0.167GB
[M::yak_count] collected 8408708 minimizers
[M::yak_count] collected 0 minimizers
[M::yak_count] collected 0 minimizers
[M::yak_count] collected 0 minimizers
[M::ha_pt_gen::41.616*6.58] ==> counted 3821749 distinct minimizer k-mers
[M::ha_pt_gen] count[4095] = 0 (for sanity check)
[M::ha_analyze_count] lowest: count[5] = 0
[M::ha_analyze_count] highest: count[6] = 18407
[M::ha_hist_line]     2: ****************************************************************************************************> 3602173
[M::ha_hist_line]     3:  0
[M::ha_hist_line]     4: ****************************************************************************************************> 176270
[M::ha_hist_line]     5:  0
[M::ha_hist_line]     6: **************************************************************************************************** 18407
[M::ha_hist_line]  rest: ****************************************************************************************************> 24899
[M::ha_analyze_count] left: none
[M::ha_analyze_count] right: count[8] = 7214
[M::ha_pt_gen] peak_hom: 8; peak_het: 6
[M::ha_ct_shrink::41.656*6.58] ==> counted 3821749 distinct minimizer k-mers
[M::ha_pt_gen::] counting in normal mode
[M::yak_count] collected 8408708 minimizers
[M::yak_count] collected 0 minimizers
[M::yak_count] collected 0 minimizers
[M::yak_count] collected 0 minimizers
[M::ha_pt_gen::43.033*6.64] ==> indexed 8408708 positions, counted 3821749 distinct minimizer k-mers
[M::ha_assemble::45.979*6.78@17.501GB] ==> found overlaps for the final round
[M::ha_print_ovlp_stat] # overlaps: 30234
[M::ha_print_ovlp_stat] # strong overlaps: 406
[M::ha_print_ovlp_stat] # weak overlaps: 29828
[M::ha_print_ovlp_stat] # exact overlaps: 23094
[M::ha_print_ovlp_stat] # inexact overlaps: 7140
[M::ha_print_ovlp_stat] # overlaps without large indels: 29366
[M::ha_print_ovlp_stat] # reverse overlaps: 756
[M::ha_opt_update_cov_min] updated max_n_chain to 100
Writing reads to disk... 
Reads has been written.
Writing ma_hit_ts to disk... 
ma_hit_ts has been written.
Writing ma_hit_ts to disk... 
ma_hit_ts has been written.
bin files have been written.
[M::ul_load::] ==> UL
[M::ha_opt_update_cov] updated max_n_chain to 100
[M::append_inexact_edges] # inserted inexact edges: 1452
[M::gen_cov_track::] # bases: 151930961
[M::dedup_HiFis::] # unitigs: 10928, # edges: 1470, # cc_num: 11023
[M::ha_ct_shrink::57.673*5.85] ==> counted 21966 distinct minimizer k-mers
[M::ha_ft_ul_gen::57.720*5.85@17.501GB] ==> filtered out 21966 k-mers occurring 100 or more times
[M::yak_count] collected 20472694 minimizers
[M::ha_pt_ul_gen::59.382*5.98] ==> counted 13037542 distinct minimizer k-mers
[M::ha_ct_shrink::59.435*5.99] ==> counted 13037542 distinct minimizer k-mers
[M::yak_count] collected 20472694 minimizers
[M::ha_pt_ul_gen::61.729*6.03] ==> indexed 20472694 positions
[M::uidx_l_build] Index has been built.
[M::uidx_write] Index has been written.
[M::scall_ul_pipeline::41.717] ==> Qualification
[M::scall_ul_pipeline::] ==> # reads: 10000, # bases: 0
[M::scall_ul_pipeline::] ==> # fully covered reads: 9942
[M::write_all_ul_t] Index has been written.
[M::print_ovlp_src_bl_stat::] ==> # HiFi reads:22000, # covered HiFi reads:9898, # chained HiFi reads:2
[M::print_ovlp_src_bl_stat::] ==> # passed UL reads:10000, # fully corrected UL reads:9940, # almost fully corrected UL reads:1, # UL reads have primary chains:45
[M::ha_opt_update_cov] updated max_n_chain to 100
[M::work_ul_gchains_consensus::] # try:0, # done:0
[M::ul_refine_alignment::] ==> UL refinement...
[M::ha_opt_update_cov] updated max_n_chain to 100
[M::gen_cov_track::] # bases: 494641
[M::work_ul_gchains::] # try:10, # done:3
[M::update_sg_uo::] ==> # gfa reads:48, # covered gfa reads:0
[M::ha_opt_update_cov] updated max_n_chain to 100
[M::work_ul_gchains_consensus::] # try:0, # done:0
[M::ul_refine_alignment::] ==> UL refinement...
[M::ha_opt_update_cov] updated max_n_chain to 100
[M::gen_cov_track::] # bases: 494641
[M::work_ul_gchains::] # try:5, # done:0
[M::ha_opt_update_cov] updated max_n_chain to 100
[M::work_ul_gchains_consensus::] # try:0, # done:0
[M::ul_refine_alignment::] ==> UL refinement...
[M::ha_opt_update_cov] updated max_n_chain to 100
[M::gen_cov_track::] # bases: 494641
[M::work_ul_gchains::] # try:5, # done:0
[M::ha_opt_update_cov] updated max_n_chain to 100
[M::work_ul_gchains_consensus::] # try:0, # done:0
[M::ul_refine_alignment::] ==> UL refinement...
[M::ha_opt_update_cov] updated max_n_chain to 100
[M::gen_cov_track::] # bases: 494641
[M::work_ul_gchains::] # try:5, # done:0
[M::ha_opt_update_cov] updated max_n_chain to 100
[M::work_ul_gchains_consensus::] # try:0, # done:0
[M::ha_opt_update_cov] updated max_n_chain to 100
[M::work_ul_gchains_consensus::] # try:0, # done:0
[M::purge_dups] homozygous read coverage threshold: 8
[M::purge_dups] purge duplication coverage threshold: 10
Writing raw unitig GFA to disk... 
[M::update_sg_uo::] ==> # gfa reads:48, # covered gfa reads:0
[M::ul_realignment::] ==> starting UL
[M::ha_opt_update_cov] updated max_n_chain to 100
[M::gen_cov_track::] # bases: 494642
[M::ha_ct_shrink::112.406*8.89] ==> counted 29 distinct minimizer k-mers
[M::ha_ft_ul_gen::113.073*8.84@17.501GB] ==> filtered out 29 k-mers occurring 32 or more times
[M::yak_count] collected 64550 minimizers
[M::ha_pt_ul_gen::113.087*8.84] ==> counted 51540 distinct minimizer k-mers
[M::ha_ct_shrink::113.089*8.84] ==> counted 51540 distinct minimizer k-mers
[M::yak_count] collected 64550 minimizers
[M::ha_pt_ul_gen::113.106*8.84] ==> indexed 64550 positions
[M::uidx_l_build] Index has been built.
[M::uidx_write] Index has been written.
[M::ha_opt_update_cov] updated max_n_chain to 100
[M::cal_graph_ovlp_binning::0.028] ==> Qualification
[M::write_emask_t] Index has been written.
[M::rescall_ul_pipeline::4.123] ==> Qualification
[M::rescall_ul_pipeline::] ==> # reads: 10000, # bases: 0, # fully corrected reads: 67
[M::write_all_ul_t] Index has been written.
[M::print_integert_ovlp_stat::] # UL reads::0, # UL ovlps::0
[M::print_integert_ovlp_stat::] # UL reads::0, # UL ovlps::0
+[M::realloc_rdb_adv] rid_n0::22000, rid_n::22000
-[M::realloc_rdb_adv] rid_n0::22000, rid_n::22000
+[M::update_paf] dn::22000
[M::renew_ng] nocc::22000, ng->n_seq::22000, sg->n_seq::22000
[M::purge_dups] homozygous read coverage threshold: 8
[M::purge_dups] purge duplication coverage threshold: 10
Writing processed unitig GFA to disk... 
[M::purge_dups] homozygous read coverage threshold: 8
[M::purge_dups] purge duplication coverage threshold: 10
[M::mc_solve:: # edges: 0]
[M::mc_solve_core_adv::0.000] ==> Partition
[M::adjust_utg_by_primary] primary contig coverage range: [6, infinity]
Writing /g/data/xl04/ka6418/github/ausarg/nextflow/outtest/assembly/BASDU.hic.p_ctg.gfa to disk... 
[M::ha_opt_update_cov] updated max_n_chain to 100
[M::gen_trans_base_count_comp::0.017] ==> Qualification
[M::build_unitig_index::0.118] ==> Counting
[M::build_unitig_index::0.001] ==> Memory allocating
[M::build_unitig_index::0.200] ==> Filling pos
[M::build_unitig_index::0.001] ==> Sorting pos
[M::build_unitig_index::0.320] ==> HiC index has been built
[M::write_hc_pt_index] Index has been written.
[M::alignment_worker_pipeline::0.019] ==> Qualification
[M::dedup_hits::0.000] ==> Dedup
[M::adjust_weight_kv_u_trans_advance::0.000] 
[M::mc_solve:: # edges: 0]
[M::mb_solve_core::0.000] ==> Partition
[M::mc_solve_core_adv::0.000] ==> Partition
/g/data/xl04/ka6418/github/ausarg/nextflow/non-experimental/work/8a/7abde14995ebf81c4b3cf2a44927d1/.command.sh: line 2: 1747547 Segmentation fault      /g/data/xl04/ka6418/bassiana/hifiasm_bassiana/hifiasm/hifiasm -t ${PBS_NCPUS} -o "/g/data/xl04/ka6418/github/ausarg/nextflow/outtest/assembly/BASDU" --ul testont.fq.gz --h1 test_illum_R1.fastq.gz test_illumtwo_R1.fastq.gz --h2 test_illum_R2.fastq.gz test_illumtwo_R2.fastq.gz testhifi.fq.gz testhifitwo.fq.gz

======================================================================================
                  Resource Usage on 2023-11-22 12:25:29:
   Job Id:             102090583.gadi-pbs
   Project:            xl04
   Exit Status:        139 (Linux Signal 11 SIGSEGV Segmentation violation)
   Service Units:      1.08
   NCPUs Requested:    16                     NCPUs Used: 16              
                                           CPU Time Used: 00:17:21        
   Memory Requested:   32.0GB                Memory Used: 17.82GB         
   Walltime requested: 01:00:00            Walltime Used: 00:02:01        
   JobFS requested:    100.0MB                JobFS used: 0B              
======================================================================================
