[I::find_re_from_seqs] NO. restriction enzyme cutting sites found in sequences: 606066
[I::find_re_from_seqs] restriction enzyme cutting sites density: 0.031003
[I::main] dump hic links (BAM) to binary file /g/data/xl04/ka6418/nextflow_testing/pipelinetesting/scaffolding/yahs/BASDU_HifiASM.bin
[W::dump_links_from_bam_file] BAM file is not sorted by read name. Filtering by mapping quality 10 suppressed 
[I::dump_links_from_bam_file] dumped 301251 read pairs: 230559 intra links + 70692 inter links 
[I::run_yahs] RAM total: 188.564GB
[I::run_yahs] RAM limit: 16.000GB
[I::contig_error_break] dist threshold for contig error break: 1000000
[I::contig_error_break] performed 2 round assembly error correction. Made 4 breaks 
[I::print_asm_stats] assembly stats:
[I::print_asm_stats]  N50: 332201 (n = 10)
[I::print_asm_stats]  N90: 32347 (n = 108)
[I::run_yahs] scaffolding round 1 resolution = 10000
[I::run_scaffolding] starting norm estimation...
[I::run_scaffolding] starting link estimation...
[I::inter_link_norms] using noise level 0.001307879977
[I::inter_link_norms] average link count: 350.163862085515 32612.000000000000 0.010737270394
[I::run_scaffolding] starting scaffolding graph contruction...
[I::print_asm_stats] assembly stats:
[I::print_asm_stats]  N50: 544859 (n = 9)
[I::print_asm_stats]  N90: 33698 (n = 90)
[I::run_yahs] scaffolding round 2 resolution = 20000
[I::run_scaffolding] starting norm estimation...
[I::run_scaffolding] starting link estimation...
[I::inter_link_norms] using noise level 0.072943276061
[I::inter_link_norms] average link count: 1455.782613046325 51112.000000000000 0.028482207956
[I::run_scaffolding] starting scaffolding graph contruction...
[I::print_asm_stats] assembly stats:
[I::print_asm_stats]  N50: 1892636 (n = 3)
[I::print_asm_stats]  N90: 33698 (n = 72)
[I::run_yahs] scaffolding round 3 resolution = 50000
[I::run_scaffolding] starting norm estimation...
[I::run_scaffolding] starting link estimation...
[I::inter_link_norms] using noise level 0.628930817610
[I::inter_link_norms] average link count: 564.835206161832 5668.000000000000 0.099653353240
[I::run_scaffolding] starting scaffolding graph contruction...
[I::print_asm_stats] assembly stats:
[I::print_asm_stats]  N50: 1992776 (n = 2)
[I::print_asm_stats]  N90: 33698 (n = 65)
[I::run_yahs] scaffolding round 4 resolution = 100000
[I::run_scaffolding] starting norm estimation...
[I::run_scaffolding] starting link estimation...
[I::inter_link_norms] using noise level 2.819923371648
[I::inter_link_norms] average link count: 248.686556108684 1827.000000000000 0.136117436294
[I::run_scaffolding] starting scaffolding graph contruction...
[I::print_asm_stats] assembly stats:
[I::print_asm_stats]  N50: 2696405 (n = 2)
[I::print_asm_stats]  N90: 33698 (n = 63)
[I::run_yahs] scaffolding round 5 resolution = 200000
[I::run_scaffolding] starting norm estimation...
[I::run_scaffolding] starting link estimation...
[I::inter_link_norms] using noise level 9.448148148148
[I::inter_link_norms] average link count: 48.201032356002 247.000000000000 0.195145879984
[I::run_scaffolding] starting scaffolding graph contruction...
[I::print_asm_stats] assembly stats:
[I::print_asm_stats]  N50: 2696405 (n = 2)
[I::print_asm_stats]  N90: 33370 (n = 64)
[I::run_yahs] scaffolding round 6 resolution = 500000
[I::run_yahs] assembly N50 (2696405) too small. End of scaffolding.
[I::main] writing FASTA file for scaffolds
[I::main] Version: 1.1a-r3
[I::main] CMD: yahs -e GATC -o /g/data/xl04/ka6418/nextflow_testing/pipelinetesting/scaffolding/yahs/BASDU_HifiASM /g/data/xl04/ka6418/nextflow_testing/testdata/BASDU_HifiASM.fasta /g/data/xl04/ka6418/nextflow_testing/pipelinetesting/scaffolding/arima/BASDU_HifiASM_ArimaHiC.bam
[I::main] Real time: 1.952 sec; CPU: 1.861 sec; Peak RSS: 0.026 GB
