### Step 0: Check output directories' existence & create them as needed
BWA index does not exist, creating index...
[bwa_index] Pack FASTA... 0.13 sec
[bwa_index] Construct BWT for the packed sequence...
[BWTIncCreate] textLength=39096856, availableWord=14750552
[BWTIncConstructFromPacked] 10 iterations done. 24330872 characters processed.
[bwt_gen] Finished constructing BWT in 18 iterations.
[bwa_index] 8.27 seconds elapse.
[bwa_index] Update BWT... 0.10 sec
[bwa_index] Pack forward-only FASTA... 0.08 sec
[bwa_index] Construct SA from BWT and Occ... 3.44 sec
[main] Version: 0.7.17-r1188
[main] CMD: bwa index -a bwtsw -p BASDU_HifiASM.fasta /jobfs/104550184.gadi-pbs/BASDU_HifiASM.fasta
[main] Real time: 12.132 sec; CPU: 12.020 sec
Samtools index does not exist, creating index...
/jobfs/104550184.gadi-pbs/BASDU_HifiASM.fasta
BASDU_HifiASM.fasta

======================================================================================
                  Resource Usage on 2023-12-20 10:11:19:
   Job Id:             104550184.gadi-pbs
   Project:            xl04
   Exit Status:        271 (Linux Signal 15 SIGTERM Termination)
   Service Units:      0.09
   NCPUs Requested:    8                      NCPUs Used: 8               
                                           CPU Time Used: 00:00:13        
   Memory Requested:   16.0GB                Memory Used: 117.0MB         
   Walltime requested: 01:00:00            Walltime Used: 00:00:20        
   JobFS requested:    10.0GB                 JobFS used: 51.47MB         
======================================================================================
