Using an excessive number of cores has a diminishing return! It is recommended not to exceed 8 cores per trimming process (you asked for 24 cores). Please consider re-specifying
Path to Cutadapt set as: 'cutadapt' (default)
Cutadapt seems to be working fine (tested command 'cutadapt --version')
Cutadapt version: 4.5
Could not detect version of Python used by Cutadapt from the first line of Cutadapt (but found this: >>>#!/bin/sh<<<)
Letting the (modified) Cutadapt deal with the Python version instead
pigz 2.8
Parallel gzip (pigz) detected. Proceeding with multicore (de)compression using 24 cores

igzip command line interface 2.30.0
igzip detected. Using igzip for decompressing

No quality encoding type selected. Assuming that the data provided uses Sanger encoded Phred scores (default)

Output will be written into the directory: /g/data/xl04/ka6418/nextflow_testing/pipelinetest/rawdata/shortread/qc/


AUTO-DETECTING ADAPTER TYPE
===========================
Attempting to auto-detect adapter type from the first 1 million sequences of the first file (>> PE_1.fq.gz <<)

Found perfect matches for the following adapter sequences:
Adapter type	Count	Sequence	Sequences analysed	Percentage
smallRNA	18	TGGAATTCTCGG	358852	0.01
Illumina	8	AGATCGGAAGAGC	358852	0.00
Nextera	1	CTGTCTCTTATA	358852	0.00
Using smallRNA adapter for trimming (count: 18). Second best hit was Illumina (count: 8)

Reducing length cutoff to 18bp for small RNA-Seq reads because a cutoff of 20bp may remove some short species of small RNAs if they had been trimmed by 1,2 or 3bp
Setting the Illumina smallRNA 5' adapter as adapter 2: 'GATCGTCGGACT'
Writing report to '/g/data/xl04/ka6418/nextflow_testing/pipelinetest/rawdata/shortread/qc/PE_1.fq.gz_trimming_report.txt'

SUMMARISING RUN PARAMETERS
==========================
Input filename: PE_1.fq.gz
Trimming mode: paired-end
Trim Galore version: 0.6.10
Cutadapt version: 4.5
Python version: could not detect
Number of cores used for trimming: 24
Quality Phred score cutoff: 20
Quality encoding type selected: ASCII+33
Adapter sequence: 'TGGAATTCTCGG' (Illumina small RNA adapter; auto-detected)
Maximum trimming error rate: 0.1 (default)
Optional adapter 2 sequence (only used for read 2 of paired-end files): 'GATCGTCGGACT'
Minimum required adapter overlap (stringency): 1 bp
Minimum required sequence length for both reads before a sequence pair gets removed: 18 bp
Output file(s) will be GZIP compressed

Cutadapt seems to be fairly up-to-date (version 4.5). Setting -j 24
Writing final adapter and quality trimmed output to PE_1_trimmed.fq.gz


  >>> Now performing quality (cutoff '-q 20') and adapter trimming in a single pass for the adapter sequence: 'TGGAATTCTCGG' from file PE_1.fq.gz <<< 
This is cutadapt 4.5 with Python 3.9.18
Command line parameters: -j 24 -e 0.1 -q 20 -O 1 -a TGGAATTCTCGG PE_1.fq.gz
Processing single-end reads on 24 cores ...
Finished in 1.749 s (4.874 µs/read; 12.31 M reads/minute).

=== Summary ===

Total reads processed:                 358,852
Reads with adapters:                   144,230 (40.2%)
Reads written (passing filters):       358,852 (100.0%)

Total basepairs processed:    89,713,000 bp
Quality-trimmed:                  34,800 bp (0.0%)
Total written (filtered):     89,412,382 bp (99.7%)

=== Adapter 1 ===

Sequence: TGGAATTCTCGG; Type: regular 3'; Length: 12; Trimmed: 144230 times

Minimum overlap: 1
No. of allowed errors:
1-9 bp: 0; 10-12 bp: 1

Bases preceding removed adapters:
  A: 26.6%
  C: 16.4%
  G: 15.2%
  T: 41.8%
  none/other: 0.0%

Overview of removed sequences
length	count	expect	max.err	error counts
1	114642	89713.0	0	114642
2	21651	22428.2	0	21651
3	4483	5607.1	0	4483
4	1775	1401.8	0	1775
5	712	350.4	0	712
6	196	87.6	0	196
7	72	21.9	0	72
8	12	5.5	0	12
9	23	1.4	0	2 21
10	23	0.3	1	2 21
11	7	0.1	1	0 7
12	5	0.0	1	0 5
13	2	0.0	1	0 2
14	3	0.0	1	0 3
15	3	0.0	1	0 3
16	1	0.0	1	0 1
17	4	0.0	1	0 4
18	6	0.0	1	0 6
19	5	0.0	1	0 5
20	3	0.0	1	0 3
21	3	0.0	1	0 3
22	4	0.0	1	0 4
23	2	0.0	1	0 2
24	5	0.0	1	1 4
26	1	0.0	1	0 1
27	7	0.0	1	0 7
28	4	0.0	1	0 4
29	5	0.0	1	0 5
30	2	0.0	1	0 2
31	1	0.0	1	0 1
32	4	0.0	1	0 4
33	4	0.0	1	0 4
34	1	0.0	1	0 1
35	2	0.0	1	0 2
36	6	0.0	1	0 6
37	1	0.0	1	0 1
38	10	0.0	1	0 10
39	4	0.0	1	0 4
40	4	0.0	1	0 4
41	1	0.0	1	0 1
42	3	0.0	1	0 3
45	2	0.0	1	0 2
46	4	0.0	1	0 4
47	1	0.0	1	0 1
48	1	0.0	1	1
49	5	0.0	1	0 5
50	2	0.0	1	0 2
51	3	0.0	1	0 3
52	5	0.0	1	0 5
53	1	0.0	1	0 1
54	3	0.0	1	0 3
55	2	0.0	1	0 2
56	3	0.0	1	0 3
57	4	0.0	1	0 4
58	3	0.0	1	0 3
59	2	0.0	1	0 2
60	2	0.0	1	0 2
62	2	0.0	1	0 2
63	1	0.0	1	0 1
64	2	0.0	1	0 2
65	2	0.0	1	0 2
66	2	0.0	1	1 1
67	4	0.0	1	0 4
68	3	0.0	1	0 3
69	4	0.0	1	0 4
70	3	0.0	1	0 3
71	2	0.0	1	0 2
72	2	0.0	1	0 2
73	7	0.0	1	0 7
74	4	0.0	1	0 4
76	1	0.0	1	0 1
77	1	0.0	1	0 1
78	3	0.0	1	0 3
79	1	0.0	1	0 1
80	4	0.0	1	0 4
81	1	0.0	1	0 1
82	5	0.0	1	0 5
83	4	0.0	1	0 4
84	2	0.0	1	0 2
85	4	0.0	1	0 4
86	2	0.0	1	0 2
87	5	0.0	1	0 5
89	4	0.0	1	0 4
90	2	0.0	1	0 2
91	1	0.0	1	0 1
92	3	0.0	1	0 3
93	3	0.0	1	0 3
94	5	0.0	1	0 5
95	5	0.0	1	0 5
96	1	0.0	1	0 1
97	3	0.0	1	0 3
98	2	0.0	1	0 2
99	4	0.0	1	0 4
100	2	0.0	1	0 2
101	3	0.0	1	0 3
102	4	0.0	1	0 4
103	2	0.0	1	0 2
104	1	0.0	1	0 1
105	1	0.0	1	0 1
106	2	0.0	1	0 2
107	2	0.0	1	0 2
109	3	0.0	1	0 3
110	3	0.0	1	0 3
111	3	0.0	1	0 3
112	1	0.0	1	1
113	3	0.0	1	0 3
114	3	0.0	1	0 3
115	1	0.0	1	0 1
116	3	0.0	1	0 3
117	1	0.0	1	0 1
118	1	0.0	1	0 1
120	2	0.0	1	0 2
121	2	0.0	1	0 2
122	1	0.0	1	1
123	4	0.0	1	1 3
124	5	0.0	1	0 5
125	1	0.0	1	0 1
126	7	0.0	1	1 6
127	5	0.0	1	0 5
128	3	0.0	1	0 3
129	2	0.0	1	0 2
130	3	0.0	1	0 3
131	2	0.0	1	0 2
132	4	0.0	1	0 4
133	7	0.0	1	0 7
134	2	0.0	1	0 2
135	7	0.0	1	1 6
136	2	0.0	1	0 2
137	2	0.0	1	1 1
138	1	0.0	1	0 1
139	1	0.0	1	0 1
140	2	0.0	1	0 2
141	3	0.0	1	0 3
143	1	0.0	1	0 1
144	4	0.0	1	0 4
145	2	0.0	1	0 2
146	3	0.0	1	0 3
148	2	0.0	1	0 2
149	1	0.0	1	0 1
150	3	0.0	1	0 3
151	1	0.0	1	0 1
152	1	0.0	1	0 1
153	2	0.0	1	0 2
154	1	0.0	1	0 1
156	4	0.0	1	0 4
157	1	0.0	1	0 1
158	3	0.0	1	0 3
159	3	0.0	1	0 3
160	3	0.0	1	0 3
162	3	0.0	1	1 2
163	2	0.0	1	0 2
164	5	0.0	1	0 5
165	3	0.0	1	0 3
166	2	0.0	1	0 2
167	5	0.0	1	1 4
168	4	0.0	1	0 4
169	3	0.0	1	1 2
170	3	0.0	1	0 3
171	1	0.0	1	0 1
172	1	0.0	1	0 1
173	1	0.0	1	0 1
174	3	0.0	1	1 2
175	2	0.0	1	0 2
176	3	0.0	1	0 3
177	2	0.0	1	0 2
178	3	0.0	1	0 3
179	2	0.0	1	0 2
180	4	0.0	1	0 4
181	2	0.0	1	0 2
182	2	0.0	1	0 2
183	2	0.0	1	0 2
184	2	0.0	1	0 2
185	2	0.0	1	0 2
186	3	0.0	1	0 3
189	4	0.0	1	0 4
190	2	0.0	1	0 2
191	3	0.0	1	0 3
193	4	0.0	1	0 4
194	3	0.0	1	0 3
195	3	0.0	1	0 3
196	6	0.0	1	0 6
197	1	0.0	1	0 1
198	3	0.0	1	0 3
199	8	0.0	1	0 8
200	1	0.0	1	0 1
201	4	0.0	1	0 4
202	6	0.0	1	0 6
203	1	0.0	1	0 1
204	4	0.0	1	0 4
205	2	0.0	1	0 2
206	1	0.0	1	0 1
207	4	0.0	1	0 4
210	3	0.0	1	0 3
211	3	0.0	1	0 3
212	2	0.0	1	0 2
213	2	0.0	1	0 2
214	5	0.0	1	0 5
215	5	0.0	1	0 5
216	1	0.0	1	1
218	3	0.0	1	0 3
219	2	0.0	1	0 2
220	2	0.0	1	0 2
221	1	0.0	1	0 1
222	2	0.0	1	0 2
223	5	0.0	1	1 4
224	4	0.0	1	1 3
225	2	0.0	1	0 2
226	1	0.0	1	0 1
227	4	0.0	1	1 3
228	2	0.0	1	0 2
229	2	0.0	1	0 2
230	3	0.0	1	0 3
231	5	0.0	1	0 5
232	3	0.0	1	0 3
234	1	0.0	1	0 1
235	4	0.0	1	0 4
236	4	0.0	1	0 4
237	6	0.0	1	1 5
238	1	0.0	1	0 1
240	4	0.0	1	0 4
241	3	0.0	1	0 3
242	1	0.0	1	0 1
243	2	0.0	1	0 2
244	3	0.0	1	0 3
245	3	0.0	1	0 3
246	5	0.0	1	0 5
247	4	0.0	1	0 4
248	2	0.0	1	0 2
249	3	0.0	1	0 3
250	6	0.0	1	0 6

RUN STATISTICS FOR INPUT FILE: PE_1.fq.gz
=============================================
358852 sequences processed in total
The length threshold of paired-end sequences gets evaluated later on (in the validation step)

Writing report to '/g/data/xl04/ka6418/nextflow_testing/pipelinetest/rawdata/shortread/qc/PE_2.fq.gz_trimming_report.txt'

SUMMARISING RUN PARAMETERS
==========================
Input filename: PE_2.fq.gz
Trimming mode: paired-end
Trim Galore version: 0.6.10
Cutadapt version: 4.5
Python version: could not detect
Number of cores used for trimming: 24
Quality Phred score cutoff: 20
Quality encoding type selected: ASCII+33
Adapter sequence: 'TGGAATTCTCGG' (Illumina small RNA adapter; auto-detected)
Maximum trimming error rate: 0.1 (default)
Optional adapter 2 sequence (only used for read 2 of paired-end files): 'GATCGTCGGACT'
Minimum required adapter overlap (stringency): 1 bp
Minimum required sequence length for both reads before a sequence pair gets removed: 18 bp
Output file(s) will be GZIP compressed

Cutadapt seems to be fairly up-to-date (version 4.5). Setting -j -j 24
Writing final adapter and quality trimmed output to PE_2_trimmed.fq.gz


  >>> Now performing quality (cutoff '-q 20') and adapter trimming in a single pass for the adapter sequence: 'GATCGTCGGACT' from file PE_2.fq.gz <<< 
This is cutadapt 4.5 with Python 3.9.18
Command line parameters: -j 24 -e 0.1 -q 20 -O 1 -a GATCGTCGGACT PE_2.fq.gz
Processing single-end reads on 24 cores ...
Finished in 1.687 s (4.702 µs/read; 12.76 M reads/minute).

=== Summary ===

Total reads processed:                 358,852
Reads with adapters:                    93,555 (26.1%)
Reads written (passing filters):       358,852 (100.0%)

Total basepairs processed:    89,713,000 bp
Quality-trimmed:                  67,492 bp (0.1%)
Total written (filtered):     89,489,729 bp (99.8%)

=== Adapter 1 ===

Sequence: GATCGTCGGACT; Type: regular 3'; Length: 12; Trimmed: 93555 times

Minimum overlap: 1
No. of allowed errors:
1-9 bp: 0; 10-12 bp: 1

Bases preceding removed adapters:
  A: 28.4%
  C: 18.6%
  G: 19.5%
  T: 33.4%
  none/other: 0.0%

Overview of removed sequences
length	count	expect	max.err	error counts
1	63913	89713.0	0	63913
2	22604	22428.2	0	22604
3	5575	5607.1	0	5575
4	1014	1401.8	0	1014
5	179	350.4	0	179
6	55	87.6	0	55
7	12	21.9	0	12
8	2	5.5	0	2
9	3	1.4	0	0 3
10	8	0.3	1	0 8
11	6	0.1	1	1 5
12	2	0.0	1	0 2
16	2	0.0	1	0 2
17	1	0.0	1	0 1
18	2	0.0	1	0 2
19	1	0.0	1	0 1
24	1	0.0	1	0 1
27	1	0.0	1	0 1
29	1	0.0	1	0 1
30	1	0.0	1	0 1
33	1	0.0	1	0 1
35	1	0.0	1	0 1
36	2	0.0	1	0 2
37	1	0.0	1	0 1
40	1	0.0	1	0 1
41	2	0.0	1	0 2
42	1	0.0	1	0 1
44	1	0.0	1	0 1
46	2	0.0	1	0 2
47	1	0.0	1	0 1
50	1	0.0	1	0 1
51	1	0.0	1	0 1
53	1	0.0	1	0 1
54	1	0.0	1	0 1
55	1	0.0	1	0 1
56	1	0.0	1	0 1
57	1	0.0	1	0 1
58	1	0.0	1	0 1
60	1	0.0	1	0 1
61	1	0.0	1	0 1
62	1	0.0	1	0 1
64	1	0.0	1	0 1
70	1	0.0	1	0 1
77	1	0.0	1	0 1
78	1	0.0	1	0 1
79	2	0.0	1	0 2
80	2	0.0	1	0 2
81	1	0.0	1	0 1
82	1	0.0	1	0 1
83	1	0.0	1	0 1
85	1	0.0	1	0 1
90	2	0.0	1	0 2
92	3	0.0	1	0 3
93	1	0.0	1	0 1
95	1	0.0	1	0 1
96	1	0.0	1	0 1
98	2	0.0	1	0 2
99	1	0.0	1	0 1
100	2	0.0	1	0 2
101	2	0.0	1	0 2
102	1	0.0	1	0 1
103	3	0.0	1	0 3
104	1	0.0	1	0 1
105	1	0.0	1	0 1
106	1	0.0	1	0 1
109	2	0.0	1	0 2
110	1	0.0	1	0 1
111	3	0.0	1	0 3
112	2	0.0	1	0 2
113	1	0.0	1	0 1
116	1	0.0	1	0 1
117	1	0.0	1	0 1
121	2	0.0	1	0 2
122	2	0.0	1	0 2
123	1	0.0	1	0 1
125	2	0.0	1	0 2
127	1	0.0	1	0 1
129	1	0.0	1	0 1
130	2	0.0	1	0 2
132	2	0.0	1	0 2
135	2	0.0	1	0 2
136	1	0.0	1	0 1
137	1	0.0	1	0 1
139	1	0.0	1	0 1
140	1	0.0	1	0 1
141	1	0.0	1	0 1
144	1	0.0	1	0 1
146	2	0.0	1	0 2
147	3	0.0	1	0 3
148	1	0.0	1	0 1
150	1	0.0	1	0 1
151	1	0.0	1	0 1
152	3	0.0	1	0 3
153	1	0.0	1	0 1
154	1	0.0	1	0 1
155	3	0.0	1	0 3
159	1	0.0	1	0 1
160	2	0.0	1	0 2
162	1	0.0	1	0 1
163	1	0.0	1	0 1
165	3	0.0	1	0 3
166	1	0.0	1	0 1
169	1	0.0	1	0 1
173	2	0.0	1	0 2
178	1	0.0	1	0 1
179	1	0.0	1	0 1
184	1	0.0	1	0 1
185	2	0.0	1	0 2
186	2	0.0	1	0 2
189	1	0.0	1	0 1
190	1	0.0	1	0 1
193	2	0.0	1	0 2
195	1	0.0	1	0 1
197	2	0.0	1	0 2
198	1	0.0	1	0 1
200	2	0.0	1	0 2
204	1	0.0	1	0 1
205	1	0.0	1	0 1
206	1	0.0	1	0 1
208	1	0.0	1	0 1
209	2	0.0	1	0 2
211	1	0.0	1	0 1
213	1	0.0	1	0 1
217	1	0.0	1	0 1
218	2	0.0	1	0 2
220	1	0.0	1	0 1
221	2	0.0	1	0 2
222	3	0.0	1	0 3
223	3	0.0	1	0 3
224	1	0.0	1	0 1
225	2	0.0	1	0 2
228	1	0.0	1	0 1
229	1	0.0	1	0 1
230	1	0.0	1	0 1
231	1	0.0	1	0 1
232	1	0.0	1	0 1
233	1	0.0	1	0 1
236	2	0.0	1	0 2
238	1	0.0	1	0 1
240	1	0.0	1	0 1
242	2	0.0	1	0 2
245	1	0.0	1	0 1
246	1	0.0	1	0 1

RUN STATISTICS FOR INPUT FILE: PE_2.fq.gz
=============================================
358852 sequences processed in total
The length threshold of paired-end sequences gets evaluated later on (in the validation step)

Validate paired-end files PE_1_trimmed.fq.gz and PE_2_trimmed.fq.gz
file_1: PE_1_trimmed.fq.gz, file_2: PE_2_trimmed.fq.gz


>>>>> Now validing the length of the 2 paired-end infiles: PE_1_trimmed.fq.gz and PE_2_trimmed.fq.gz <<<<<
Writing validated paired-end Read 1 reads to PE_1_val_1.fq.gz
Writing validated paired-end Read 2 reads to PE_2_val_2.fq.gz

Total number of sequences analysed: 358852

Number of sequence pairs removed because at least one read was shorter than the length cutoff (18 bp): 61 (0.02%)

Deleting both intermediate output files PE_1_trimmed.fq.gz and PE_2_trimmed.fq.gz

====================================================================================================


======================================================================================
                  Resource Usage on 2023-12-20 09:55:29:
   Job Id:             104548422.gadi-pbs
   Project:            xl04
   Exit Status:        0
   Service Units:      0.21
   NCPUs Requested:    24                     NCPUs Used: 24              
                                           CPU Time Used: 00:02:20        
   Memory Requested:   96.0GB                Memory Used: 629.28MB        
   Walltime requested: 10:00:00            Walltime Used: 00:00:16        
   JobFS requested:    100.0MB                JobFS used: 0B              
======================================================================================
