Proceeding with single-core trimming (user-defined)
Path to Cutadapt set as: 'cutadapt' (default)
Cutadapt seems to be working fine (tested command 'cutadapt --version')
Cutadapt version: 4.5
single-core operation.
igzip detected. Using igzip for decompressing

No quality encoding type selected. Assuming that the data provided uses Sanger encoded Phred scores (default)

Output will be written into the directory: /g/data/xl04/ka6418/github/ausarg/nextflow/outtest/shortread_qc/


AUTO-DETECTING ADAPTER TYPE
===========================
Attempting to auto-detect adapter type from the first 1 million sequences of the first file (>> HIC_R1.fastq.gz <<)

Found perfect matches for the following adapter sequences:
Adapter type	Count	Sequence	Sequences analysed	Percentage
Illumina	26	AGATCGGAAGAGC	500020	0.01
Nextera	1	CTGTCTCTTATA	500020	0.00
smallRNA	1	TGGAATTCTCGG	500020	0.00
Using Illumina adapter for trimming (count: 26). Second best hit was Nextera (count: 1)

Writing report to '/g/data/xl04/ka6418/github/ausarg/nextflow/outtest/shortread_qc/HIC_R1.fastq.gz_trimming_report.txt'

SUMMARISING RUN PARAMETERS
==========================
Input filename: HIC_R1.fastq.gz
Trimming mode: paired-end
Trim Galore version: 0.6.10
Cutadapt version: 4.5
Number of cores used for trimming: 1
Quality Phred score cutoff: 20
Quality encoding type selected: ASCII+33
Adapter sequence: 'AGATCGGAAGAGC' (Illumina TruSeq, Sanger iPCR; auto-detected)
Maximum trimming error rate: 0.1 (default)
Minimum required adapter overlap (stringency): 1 bp
Minimum required sequence length for both reads before a sequence pair gets removed: 20 bp
Output file(s) will be GZIP compressed

Cutadapt seems to be fairly up-to-date (version 4.5). Setting -j 1
Writing final adapter and quality trimmed output to HIC_R1_trimmed.fq.gz


  >>> Now performing quality (cutoff '-q 20') and adapter trimming in a single pass for the adapter sequence: 'AGATCGGAAGAGC' from file HIC_R1.fastq.gz <<< 
This is cutadapt 4.5 with Python 3.9.18
Command line parameters: -j 1 -e 0.1 -q 20 -O 1 -a AGATCGGAAGAGC HIC_R1.fastq.gz
Processing single-end reads on 1 core ...
Finished in 28.075 s (56.149 µs/read; 1.07 M reads/minute).

=== Summary ===

Total reads processed:                 500,020
Reads with adapters:                   188,666 (37.7%)
Reads written (passing filters):       500,020 (100.0%)

Total basepairs processed:    75,002,700 bp
Quality-trimmed:                  56,579 bp (0.1%)
Total written (filtered):     74,688,865 bp (99.6%)

=== Adapter 1 ===

Sequence: AGATCGGAAGAGC; Type: regular 3'; Length: 13; Trimmed: 188666 times

Minimum overlap: 1
No. of allowed errors:
1-9 bp: 0; 10-13 bp: 1

Bases preceding removed adapters:
  A: 41.4%
  C: 20.4%
  G: 16.7%
  T: 21.6%
  none/other: 0.0%

Overview of removed sequences
length	count	expect	max.err	error counts
1	149147	125005.0	0	149147
2	27293	31251.2	0	27293
3	9250	7812.8	0	9250
4	2251	1953.2	0	2251
5	419	488.3	0	419
6	74	122.1	0	74
7	17	30.5	0	17
8	9	7.6	0	9
9	13	1.9	0	2 11
10	17	0.5	1	3 14
11	12	0.1	1	1 11
13	1	0.0	1	0 1
17	3	0.0	1	0 3
18	1	0.0	1	0 1
19	3	0.0	1	0 3
20	1	0.0	1	0 1
23	1	0.0	1	0 1
24	2	0.0	1	0 2
25	2	0.0	1	1 1
26	2	0.0	1	1 1
27	1	0.0	1	0 1
28	1	0.0	1	0 1
29	2	0.0	1	0 2
31	1	0.0	1	0 1
32	3	0.0	1	0 3
33	2	0.0	1	1 1
34	1	0.0	1	0 1
37	1	0.0	1	0 1
40	1	0.0	1	0 1
41	1	0.0	1	0 1
44	2	0.0	1	0 2
45	2	0.0	1	0 2
46	1	0.0	1	0 1
47	1	0.0	1	0 1
48	1	0.0	1	0 1
49	1	0.0	1	0 1
50	1	0.0	1	0 1
51	2	0.0	1	0 2
53	2	0.0	1	1 1
54	1	0.0	1	0 1
55	1	0.0	1	1
56	1	0.0	1	0 1
57	3	0.0	1	0 3
58	2	0.0	1	0 2
59	1	0.0	1	0 1
60	2	0.0	1	0 2
61	2	0.0	1	0 2
64	2	0.0	1	0 2
66	1	0.0	1	1
67	1	0.0	1	0 1
68	2	0.0	1	0 2
69	1	0.0	1	1
71	2	0.0	1	0 2
72	1	0.0	1	0 1
73	1	0.0	1	1
75	2	0.0	1	1 1
76	1	0.0	1	1
77	1	0.0	1	0 1
78	1	0.0	1	0 1
79	1	0.0	1	0 1
80	1	0.0	1	0 1
81	3	0.0	1	0 3
82	1	0.0	1	0 1
83	2	0.0	1	0 2
84	1	0.0	1	0 1
86	1	0.0	1	1
87	1	0.0	1	1
88	3	0.0	1	0 3
89	3	0.0	1	0 3
90	3	0.0	1	0 3
92	1	0.0	1	0 1
93	1	0.0	1	1
94	1	0.0	1	0 1
95	1	0.0	1	0 1
97	4	0.0	1	1 3
99	2	0.0	1	0 2
102	3	0.0	1	0 3
104	2	0.0	1	2
105	3	0.0	1	2 1
106	1	0.0	1	0 1
107	2	0.0	1	0 2
108	1	0.0	1	1
110	2	0.0	1	1 1
111	2	0.0	1	0 2
114	2	0.0	1	0 2
115	1	0.0	1	0 1
116	3	0.0	1	0 3
117	3	0.0	1	1 2
118	2	0.0	1	0 2
119	2	0.0	1	0 2
120	2	0.0	1	1 1
124	5	0.0	1	0 5
125	1	0.0	1	0 1
126	1	0.0	1	0 1
127	1	0.0	1	0 1
131	2	0.0	1	0 2
132	3	0.0	1	0 3
133	1	0.0	1	0 1
135	2	0.0	1	0 2
136	1	0.0	1	0 1
137	3	0.0	1	2 1
138	2	0.0	1	1 1
141	1	0.0	1	0 1
142	2	0.0	1	0 2
145	1	0.0	1	1
147	1	0.0	1	0 1
148	1	0.0	1	0 1
149	3	0.0	1	0 3

RUN STATISTICS FOR INPUT FILE: HIC_R1.fastq.gz
=============================================
500020 sequences processed in total
The length threshold of paired-end sequences gets evaluated later on (in the validation step)

Writing report to '/g/data/xl04/ka6418/github/ausarg/nextflow/outtest/shortread_qc/HIC_R2.fastq.gz_trimming_report.txt'

SUMMARISING RUN PARAMETERS
==========================
Input filename: HIC_R2.fastq.gz
Trimming mode: paired-end
Trim Galore version: 0.6.10
Cutadapt version: 4.5
Number of cores used for trimming: 1
Quality Phred score cutoff: 20
Quality encoding type selected: ASCII+33
Adapter sequence: 'AGATCGGAAGAGC' (Illumina TruSeq, Sanger iPCR; auto-detected)
Maximum trimming error rate: 0.1 (default)
Minimum required adapter overlap (stringency): 1 bp
Minimum required sequence length for both reads before a sequence pair gets removed: 20 bp
Output file(s) will be GZIP compressed

Cutadapt seems to be fairly up-to-date (version 4.5). Setting -j -j 1
Writing final adapter and quality trimmed output to HIC_R2_trimmed.fq.gz


  >>> Now performing quality (cutoff '-q 20') and adapter trimming in a single pass for the adapter sequence: 'AGATCGGAAGAGC' from file HIC_R2.fastq.gz <<< 
This is cutadapt 4.5 with Python 3.9.18
Command line parameters: -j 1 -e 0.1 -q 20 -O 1 -a AGATCGGAAGAGC HIC_R2.fastq.gz
Processing single-end reads on 1 core ...
Finished in 28.398 s (56.793 µs/read; 1.06 M reads/minute).

=== Summary ===

Total reads processed:                 500,020
Reads with adapters:                   189,818 (38.0%)
Reads written (passing filters):       500,020 (100.0%)

Total basepairs processed:    75,002,700 bp
Quality-trimmed:                 103,574 bp (0.1%)
Total written (filtered):     74,647,805 bp (99.5%)

=== Adapter 1 ===

Sequence: AGATCGGAAGAGC; Type: regular 3'; Length: 13; Trimmed: 189818 times

Minimum overlap: 1
No. of allowed errors:
1-9 bp: 0; 10-13 bp: 1

Bases preceding removed adapters:
  A: 40.8%
  C: 20.5%
  G: 16.8%
  T: 21.9%
  none/other: 0.0%

Overview of removed sequences
length	count	expect	max.err	error counts
1	150344	125005.0	0	150344
2	27293	31251.2	0	27293
3	9251	7812.8	0	9251
4	2290	1953.2	0	2290
5	427	488.3	0	427
6	68	122.1	0	68
7	16	30.5	0	16
8	8	7.6	0	8
9	15	1.9	0	2 13
10	17	0.5	1	2 15
11	6	0.1	1	0 6
12	2	0.0	1	0 2
16	1	0.0	1	0 1
17	1	0.0	1	0 1
19	3	0.0	1	0 3
20	1	0.0	1	0 1
22	1	0.0	1	1
25	1	0.0	1	0 1
30	2	0.0	1	0 2
31	1	0.0	1	0 1
32	1	0.0	1	0 1
37	1	0.0	1	1
38	1	0.0	1	0 1
44	1	0.0	1	0 1
45	1	0.0	1	0 1
47	1	0.0	1	0 1
50	3	0.0	1	0 3
51	1	0.0	1	0 1
52	1	0.0	1	0 1
53	1	0.0	1	0 1
54	1	0.0	1	0 1
55	1	0.0	1	0 1
56	1	0.0	1	0 1
57	2	0.0	1	0 2
58	1	0.0	1	0 1
59	2	0.0	1	0 2
60	3	0.0	1	0 3
64	2	0.0	1	0 2
68	2	0.0	1	0 2
69	2	0.0	1	0 2
72	2	0.0	1	0 2
73	1	0.0	1	0 1
77	1	0.0	1	0 1
82	2	0.0	1	0 2
83	2	0.0	1	1 1
87	1	0.0	1	0 1
88	1	0.0	1	0 1
89	1	0.0	1	0 1
92	1	0.0	1	0 1
94	1	0.0	1	0 1
97	2	0.0	1	0 2
99	1	0.0	1	0 1
100	2	0.0	1	0 2
101	1	0.0	1	0 1
106	1	0.0	1	0 1
108	2	0.0	1	0 2
115	1	0.0	1	0 1
118	1	0.0	1	0 1
119	1	0.0	1	0 1
121	1	0.0	1	0 1
125	2	0.0	1	0 2
130	1	0.0	1	0 1
131	1	0.0	1	0 1
132	1	0.0	1	0 1
136	2	0.0	1	0 2
138	1	0.0	1	0 1
139	1	0.0	1	0 1
143	1	0.0	1	0 1
144	1	0.0	1	0 1
145	2	0.0	1	0 2
148	1	0.0	1	0 1
150	1	0.0	1	0 1

RUN STATISTICS FOR INPUT FILE: HIC_R2.fastq.gz
=============================================
500020 sequences processed in total
The length threshold of paired-end sequences gets evaluated later on (in the validation step)

Validate paired-end files HIC_R1_trimmed.fq.gz and HIC_R2_trimmed.fq.gz
file_1: HIC_R1_trimmed.fq.gz, file_2: HIC_R2_trimmed.fq.gz


>>>>> Now validing the length of the 2 paired-end infiles: HIC_R1_trimmed.fq.gz and HIC_R2_trimmed.fq.gz <<<<<
Writing validated paired-end Read 1 reads to HIC_R1_val_1.fq.gz
Writing validated paired-end Read 2 reads to HIC_R2_val_2.fq.gz

Total number of sequences analysed: 500020

Number of sequence pairs removed because at least one read was shorter than the length cutoff (20 bp): 35 (0.01%)

Deleting both intermediate output files HIC_R1_trimmed.fq.gz and HIC_R2_trimmed.fq.gz

====================================================================================================

