[M::ha_analyze_count] lowest: count[5] = 0
[M::ha_analyze_count] highest: count[6] = 36
[M::ha_hist_line]     2: ****************************************************************************************************> 45854119
[M::ha_hist_line]     3: ***************************************************************************************** 32
[M::ha_hist_line]     4: ****************************************************************************************************> 478
[M::ha_hist_line]     5:  0
[M::ha_hist_line]     6: **************************************************************************************************** 36
[M::ha_hist_line]  rest: ****************************************************************************************************> 38
[M::ha_analyze_count] left: none
[M::ha_analyze_count] right: count[8] = 22
[M::ha_ft_gen] peak_hom: 8; peak_het: 6
[M::ha_ct_shrink::12.326*1.86] ==> counted 3 distinct minimizer k-mers
[M::ha_ft_gen::12.409*1.85@16.915GB] ==> filtered out 3 k-mers occurring 40 or more times
[M::ha_opt_update_cov] updated max_n_chain to 100
[M::yak_count] collected 1745883 minimizers
[M::yak_count] collected 1745883 minimizers
[M::ha_pt_gen::14.989*1.99] ==> counted 1745866 distinct minimizer k-mers
[M::ha_pt_gen] count[4095] = 0 (for sanity check)
[M::ha_analyze_count] lowest: count[5] = 0
[M::ha_analyze_count] highest: count[6] = 1
[M::ha_hist_line]     2: ****************************************************************************************************> 1745852
[M::ha_hist_line]     3:  0
[M::ha_hist_line]     4: ****************************************************************************************************> 12
[M::ha_hist_line]     5:  0
[M::ha_hist_line]     6: **************************************************************************************************** 1
[M::ha_hist_line]  rest: **************************************************************************************************** 1
[M::ha_analyze_count] left: none
[M::ha_analyze_count] right: count[8] = 1
[M::ha_pt_gen] peak_hom: 8; peak_het: 6
[M::ha_ct_shrink::15.022*2.00] ==> counted 1745866 distinct minimizer k-mers
[M::ha_pt_gen::] counting in normal mode
[M::yak_count] collected 3491766 minimizers
[M::yak_count] collected 0 minimizers
[M::ha_pt_gen::16.042*2.18] ==> indexed 3491766 positions, counted 1745866 distinct minimizer k-mers
[M::ha_assemble::17.062*2.42@16.915GB] ==> corrected reads for round 1
[M::ha_assemble] # bases: 147026076; # corrected bases: 0; # recorrected bases: 0
[M::ha_assemble] size of buffer: 0.035GB
[M::yak_count] collected 3491766 minimizers
[M::yak_count] collected 0 minimizers
[M::ha_pt_gen::18.045*2.54] ==> counted 1745866 distinct minimizer k-mers
[M::ha_pt_gen] count[4095] = 0 (for sanity check)
[M::ha_analyze_count] lowest: count[5] = 0
[M::ha_analyze_count] highest: count[6] = 1
[M::ha_hist_line]     2: ****************************************************************************************************> 1745852
[M::ha_hist_line]     3:  0
[M::ha_hist_line]     4: ****************************************************************************************************> 12
[M::ha_hist_line]     5:  0
[M::ha_hist_line]     6: **************************************************************************************************** 1
[M::ha_hist_line]  rest: **************************************************************************************************** 1
[M::ha_analyze_count] left: none
[M::ha_analyze_count] right: count[8] = 1
[M::ha_pt_gen] peak_hom: 8; peak_het: 6
[M::ha_ct_shrink::18.068*2.54] ==> counted 1745866 distinct minimizer k-mers
[M::ha_pt_gen::] counting in normal mode
[M::yak_count] collected 3491766 minimizers
[M::yak_count] collected 0 minimizers
[M::ha_pt_gen::19.098*2.67] ==> indexed 3491766 positions, counted 1745866 distinct minimizer k-mers
[M::ha_assemble::20.419*2.81@16.915GB] ==> corrected reads for round 2
[M::ha_assemble] # bases: 147026076; # corrected bases: 0; # recorrected bases: 0
[M::ha_assemble] size of buffer: 0.035GB
[M::yak_count] collected 3491766 minimizers
[M::yak_count] collected 0 minimizers
[M::ha_pt_gen::21.378*2.89] ==> counted 1745866 distinct minimizer k-mers
[M::ha_pt_gen] count[4095] = 0 (for sanity check)
[M::ha_analyze_count] lowest: count[5] = 0
[M::ha_analyze_count] highest: count[6] = 1
[M::ha_hist_line]     2: ****************************************************************************************************> 1745852
[M::ha_hist_line]     3:  0
[M::ha_hist_line]     4: ****************************************************************************************************> 12
[M::ha_hist_line]     5:  0
[M::ha_hist_line]     6: **************************************************************************************************** 1
[M::ha_hist_line]  rest: **************************************************************************************************** 1
[M::ha_analyze_count] left: none
[M::ha_analyze_count] right: count[8] = 1
[M::ha_pt_gen] peak_hom: 8; peak_het: 6
[M::ha_ct_shrink::21.397*2.89] ==> counted 1745866 distinct minimizer k-mers
[M::ha_pt_gen::] counting in normal mode
[M::yak_count] collected 3491766 minimizers
[M::yak_count] collected 0 minimizers
[M::ha_pt_gen::22.374*2.99] ==> indexed 3491766 positions, counted 1745866 distinct minimizer k-mers
[M::ha_assemble::23.562*3.11@16.915GB] ==> corrected reads for round 3
[M::ha_assemble] # bases: 147026076; # corrected bases: 0; # recorrected bases: 0
[M::ha_assemble] size of buffer: 0.035GB
[M::yak_count] collected 3491766 minimizers
[M::yak_count] collected 0 minimizers
[M::ha_pt_gen::24.591*3.16] ==> counted 1745866 distinct minimizer k-mers
[M::ha_pt_gen] count[4095] = 0 (for sanity check)
[M::ha_analyze_count] lowest: count[5] = 0
[M::ha_analyze_count] highest: count[6] = 1
[M::ha_hist_line]     2: ****************************************************************************************************> 1745852
[M::ha_hist_line]     3:  0
[M::ha_hist_line]     4: ****************************************************************************************************> 12
[M::ha_hist_line]     5:  0
[M::ha_hist_line]     6: **************************************************************************************************** 1
[M::ha_hist_line]  rest: **************************************************************************************************** 1
[M::ha_analyze_count] left: none
[M::ha_analyze_count] right: count[8] = 1
[M::ha_pt_gen] peak_hom: 8; peak_het: 6
[M::ha_ct_shrink::24.617*3.17] ==> counted 1745866 distinct minimizer k-mers
[M::ha_pt_gen::] counting in normal mode
[M::yak_count] collected 3491766 minimizers
[M::yak_count] collected 0 minimizers
[M::ha_pt_gen::25.534*3.24] ==> indexed 3491766 positions, counted 1745866 distinct minimizer k-mers
[M::ha_assemble::26.474*3.31@16.915GB] ==> found overlaps for the final round
[M::ha_print_ovlp_stat] # overlaps: 49706
[M::ha_print_ovlp_stat] # strong overlaps: 0
[M::ha_print_ovlp_stat] # weak overlaps: 49706
[M::ha_print_ovlp_stat] # exact overlaps: 49706
[M::ha_print_ovlp_stat] # inexact overlaps: 0
[M::ha_print_ovlp_stat] # overlaps without large indels: 49706
[M::ha_print_ovlp_stat] # reverse overlaps: 0
[M::ha_opt_update_cov_min] updated max_n_chain to 100
Writing reads to disk... 
Reads has been written.
Writing ma_hit_ts to disk... 
ma_hit_ts has been written.
Writing ma_hit_ts to disk... 
ma_hit_ts has been written.
bin files have been written.
[M::ul_load::] ==> UL
[M::ha_opt_update_cov] updated max_n_chain to 100
[M::append_inexact_edges] # inserted inexact edges: 0
[M::gen_cov_track::] # bases: 73513038
[M::dedup_HiFis::] # unitigs: 24853, # edges: 0, # cc_num: 24853
[M::ha_ct_shrink::35.266*2.82] ==> counted 67 distinct minimizer k-mers
[M::ha_ft_ul_gen::35.281*2.82@16.915GB] ==> filtered out 67 k-mers occurring 100 or more times
[M::yak_count] collected 8594922 minimizers
[M::ha_pt_ul_gen::36.192*2.88] ==> counted 7829054 distinct minimizer k-mers
[M::ha_ct_shrink::36.279*2.88] ==> counted 7829054 distinct minimizer k-mers
[M::yak_count] collected 8594922 minimizers
[M::ha_pt_ul_gen::37.429*2.93] ==> indexed 8594922 positions
[M::uidx_l_build] Index has been built.
[M::uidx_write] Index has been written.
[M::scall_ul_pipeline::2.639] ==> Qualification
[M::scall_ul_pipeline::] ==> # reads: 24853, # bases: 0
[M::scall_ul_pipeline::] ==> # fully covered reads: 0
[M::write_all_ul_t] Index has been written.
[M::print_ovlp_src_bl_stat::] ==> # HiFi reads:49706, # covered HiFi reads:0, # chained HiFi reads:0
[M::print_ovlp_src_bl_stat::] ==> # passed UL reads:24853, # fully corrected UL reads:0, # almost fully corrected UL reads:0, # UL reads have primary chains:0
[M::ha_opt_update_cov] updated max_n_chain to 100
[M::work_ul_gchains_consensus::] # try:0, # done:0
[M::ul_refine_alignment::] ==> UL refinement...
[M::ha_opt_update_cov] updated max_n_chain to 100
[M::gen_cov_track::] # bases: 0
[M::work_ul_gchains::] # try:0, # done:0
[M::ha_opt_update_cov] updated max_n_chain to 100
[M::work_ul_gchains_consensus::] # try:0, # done:0
[M::ul_refine_alignment::] ==> UL refinement...
[M::ha_opt_update_cov] updated max_n_chain to 100
[M::gen_cov_track::] # bases: 0
[M::work_ul_gchains::] # try:0, # done:0
[M::ha_opt_update_cov] updated max_n_chain to 100
[M::work_ul_gchains_consensus::] # try:0, # done:0
[M::ul_refine_alignment::] ==> UL refinement...
[M::ha_opt_update_cov] updated max_n_chain to 100
[M::gen_cov_track::] # bases: 0
[M::work_ul_gchains::] # try:0, # done:0
[M::ha_opt_update_cov] updated max_n_chain to 100
[M::work_ul_gchains_consensus::] # try:0, # done:0
[M::ul_refine_alignment::] ==> UL refinement...
[M::ha_opt_update_cov] updated max_n_chain to 100
[M::gen_cov_track::] # bases: 0
[M::work_ul_gchains::] # try:0, # done:0
[M::ha_opt_update_cov] updated max_n_chain to 100
[M::work_ul_gchains_consensus::] # try:0, # done:0
[M::ha_opt_update_cov] updated max_n_chain to 100
[M::work_ul_gchains_consensus::] # try:0, # done:0
[M::purge_dups] homozygous read coverage threshold: 8
[M::purge_dups] purge duplication coverage threshold: 10
Writing raw unitig GFA to disk... 
[M::update_sg_uo::] ==> # gfa reads:0, # covered gfa reads:0
[M::ul_realignment::] ==> starting UL
[M::ha_opt_update_cov] updated max_n_chain to 100
[M::gen_cov_track::] # bases: 0
[M::ha_ct_shrink::49.272*2.69] ==> counted 0 distinct minimizer k-mers
[M::ha_ft_ul_gen::49.948*2.67@16.915GB] ==> filtered out 0 k-mers occurring 32 or more times
[M::yak_count] collected 0 minimizers
[M::ha_pt_ul_gen::49.949*2.67] ==> counted 0 distinct minimizer k-mers
[M::ha_ct_shrink::49.950*2.67] ==> counted 0 distinct minimizer k-mers
[M::yak_count] collected 0 minimizers
[M::ha_pt_ul_gen::49.951*2.67] ==> indexed 0 positions
[M::uidx_l_build] Index has been built.
[M::uidx_write] Index has been written.
[M::ha_opt_update_cov] updated max_n_chain to 100
[M::cal_graph_ovlp_binning::0.003] ==> Qualification
[M::write_emask_t] Index has been written.
[M::rescall_ul_pipeline::1.289] ==> Qualification
[M::rescall_ul_pipeline::] ==> # reads: 24853, # bases: 0, # fully corrected reads: 0
[M::write_all_ul_t] Index has been written.
[M::print_integert_ovlp_stat::] # UL reads::0, # UL ovlps::0
[M::print_integert_ovlp_stat::] # UL reads::0, # UL ovlps::0
+[M::realloc_rdb_adv] rid_n0::49706, rid_n::49706
-[M::realloc_rdb_adv] rid_n0::49706, rid_n::49706
+[M::update_paf] dn::49706
[M::renew_ng] nocc::49706, ng->n_seq::49706, sg->n_seq::49706
[M::purge_dups] homozygous read coverage threshold: 8
[M::purge_dups] purge duplication coverage threshold: 10
Writing processed unitig GFA to disk... 
[M::purge_dups] homozygous read coverage threshold: 8
[M::purge_dups] purge duplication coverage threshold: 10
[M::mc_solve:: # edges: 0]
[M::mc_solve_core_adv::0.000] ==> Partition
[M::adjust_utg_by_primary] primary contig coverage range: [6, infinity]
Writing /g/data/xl04/ka6418/nextflow_testing/pipelinetesting/assembly/BASDU.hic.p_ctg.gfa to disk... 
[M::ha_opt_update_cov] updated max_n_chain to 100
[M::gen_trans_base_count_comp::0.003] ==> Qualification
[M::build_unitig_index::0.000] ==> Counting
[M::build_unitig_index::0.000] ==> Memory allocating
[M::build_unitig_index::0.000] ==> Filling pos
[M::build_unitig_index::0.001] ==> Sorting pos
[M::build_unitig_index::0.001] ==> HiC index has been built
[M::write_hc_pt_index] Index has been written.
[M::alignment_worker_pipeline::11.487] ==> Qualification
[M::dedup_hits::0.000] ==> Dedup
[M::adjust_weight_kv_u_trans_advance::0.000] 
[M::mc_solve:: # edges: 0]
[M::mb_solve_core::0.000] ==> Partition
[M::mc_solve_core_adv::0.000] ==> Partition
/g/data/xl04/ka6418/github/ausarg/nextflow/non-experimental/work/f8/2f87efbeffb9b7e10e37d7f8f4d73a/.command.sh: line 2: 2289494 Segmentation fault      /g/data/xl04/ka6418/bassiana/hifiasm_bassiana/hifiasm/hifiasm -t ${PBS_NCPUS} -o "/g/data/xl04/ka6418/nextflow_testing/pipelinetesting/assembly/BASDU" longread_pb.fq.gz longread_pb_two.fq.gz --ul longread_ont.fq.gz --h1 HIC_R1.fastq.gz --h2 HIC_R2.fastq.gz

======================================================================================
                  Resource Usage on 2023-12-20 10:14:05:
   Job Id:             104550355.gadi-pbs
   Project:            xl04
   Exit Status:        139 (Linux Signal 11 SIGSEGV Segmentation violation)
   Service Units:      0.60
   NCPUs Requested:    8                      NCPUs Used: 8               
                                           CPU Time Used: 00:02:30        
   Memory Requested:   64.0GB                Memory Used: 17.25GB         
   Walltime requested: 01:00:00            Walltime Used: 00:01:07        
   JobFS requested:    100.0MB                JobFS used: 0B              
======================================================================================
