Loading biopython/1.79
  Loading requirement: intel-mkl/2020.3.304 python3/3.9.2 pythonlib/3.9.2
import: unable to open X server `' @ error/import.c/ImportImageCommand/347.
import: unable to open X server `' @ error/import.c/ImportImageCommand/347.
import: unable to open X server `' @ error/import.c/ImportImageCommand/347.
/g/data/xl04/ka6418/github/ausarg/nextflow/non-experimental/work/b9/8320d97d56dba4c068b28c15540bc1/.command.sh: line 8: from: command not found
import: unable to open X server `' @ error/import.c/ImportImageCommand/347.
import: unable to open X server `' @ error/import.c/ImportImageCommand/347.
import: unable to open X server `' @ error/import.c/ImportImageCommand/347.
import: unable to open X server `' @ error/import.c/ImportImageCommand/347.
/g/data/xl04/ka6418/github/ausarg/nextflow/non-experimental/work/b9/8320d97d56dba4c068b28c15540bc1/.command.sh: line 14: bin_size: command not found
/g/data/xl04/ka6418/github/ausarg/nextflow/non-experimental/work/b9/8320d97d56dba4c068b28c15540bc1/.command.sh: line 16: syntax error near unexpected token `('
/g/data/xl04/ka6418/github/ausarg/nextflow/non-experimental/work/b9/8320d97d56dba4c068b28c15540bc1/.command.sh: line 16: `def calculate_n50_n90(read_lengths):'

======================================================================================
                  Resource Usage on 2023-11-21 10:04:51:
   Job Id:             101925664.gadi-pbs
   Project:            xl04
   Exit Status:        2
   Service Units:      0.01
   NCPUs Requested:    8                      NCPUs Used: 8               
                                           CPU Time Used: 00:00:02        
   Memory Requested:   16.0GB                Memory Used: 71.31MB         
   Walltime requested: 01:00:00            Walltime Used: 00:00:03        
   JobFS requested:    100.0MB                JobFS used: 0B              
======================================================================================
