Loading python3/3.11.0
  Loading requirement: intel-mkl/2022.2.0
[INFO][0m read sequences ...
[INFO][0m 150 sequences loaded
[INFO][0m sorting ...
[INFO][0m output ...
[bwa_index] Pack FASTA... 0.13 sec
[bwa_index] Construct BWT for the packed sequence...
[bwa_index] 8.38 seconds elapse.
[bwa_index] Update BWT... 0.10 sec
[bwa_index] Pack forward-only FASTA... 0.08 sec
[bwa_index] Construct SA from BWT and Occ... 5.00 sec
[main] Version: 0.7.17-r1188
[main] CMD: bwa index base.fa
[main] Real time: 13.797 sec; CPU: 13.685 sec

======================================================================================
                  Resource Usage on 2023-11-23 16:21:17:
   Job Id:             102229600.gadi-pbs
   Project:            xl04
   Exit Status:        271 (Linux Signal 15 SIGTERM Termination)
   Service Units:      0.32
   NCPUs Requested:    16                     NCPUs Used: 16              
                                           CPU Time Used: 00:00:29        
   Memory Requested:   32.0GB                Memory Used: 302.63MB        
   Walltime requested: 01:00:00            Walltime Used: 00:00:36        
   JobFS requested:    10.0GB                 JobFS used: 52.11MB         
======================================================================================
