Nov-21 10:26:38.023 [main] DEBUG nextflow.cli.Launcher - $> nextflow /g/data/xl04/ka6418/github/ausarg/nextflow/non-experimental/genejigsaw.nf -config /g/data/xl04/ka6418/github/ausarg/nextflow/non-experimental/genejigsaw.config --topfolder /g/data/xl04/ka6418/github/ausarg/nextflow/outtest
Nov-21 10:26:38.609 [main] INFO  nextflow.cli.CmdRun - N E X T F L O W  ~  version 23.04.3
Nov-21 10:26:38.625 [main] DEBUG nextflow.plugin.PluginsFacade - Setting up plugin manager > mode=prod; embedded=false; plugins-dir=/home/150/ka6418/.nextflow/plugins; core-plugins: nf-amazon@1.16.2,nf-azure@1.0.1,nf-codecommit@0.1.4,nf-console@1.0.5,nf-ga4gh@1.0.5,nf-google@1.7.3,nf-tower@1.5.12,nf-wave@0.8.4
Nov-21 10:26:38.634 [main] INFO  org.pf4j.DefaultPluginStatusProvider - Enabled plugins: []
Nov-21 10:26:38.635 [main] INFO  org.pf4j.DefaultPluginStatusProvider - Disabled plugins: []
Nov-21 10:26:38.638 [main] INFO  org.pf4j.DefaultPluginManager - PF4J version 3.4.1 in 'deployment' mode
Nov-21 10:26:38.646 [main] INFO  org.pf4j.AbstractPluginManager - No plugins
Nov-21 10:26:38.666 [main] DEBUG nextflow.config.ConfigBuilder - User config file: /g/data/xl04/ka6418/github/ausarg/nextflow/non-experimental/genejigsaw.config
Nov-21 10:26:38.666 [main] DEBUG nextflow.config.ConfigBuilder - Parsing config file: /g/data/xl04/ka6418/github/ausarg/nextflow/non-experimental/genejigsaw.config
Nov-21 10:26:38.692 [main] DEBUG nextflow.config.ConfigBuilder - Applying config profile: `standard`
Nov-21 10:26:39.316 [main] DEBUG nextflow.cli.CmdRun - Applied DSL=2 by global default
Nov-21 10:26:39.322 [main] INFO  nextflow.cli.CmdRun - Launching `/g/data/xl04/ka6418/github/ausarg/nextflow/non-experimental/genejigsaw.nf` [peaceful_brown] DSL2 - revision: 1ba9f1fa8d
Nov-21 10:26:39.322 [main] WARN  nextflow.plugin.PluginsFacade - Nextflow self-contained distribution allows only core plugins -- User config plugins will be ignored: nf-sqldb
Nov-21 10:26:39.331 [main] DEBUG nextflow.secret.LocalSecretsProvider - Secrets store: /home/150/ka6418/.nextflow/secrets/store.json
Nov-21 10:26:39.334 [main] DEBUG nextflow.secret.SecretsLoader - Discovered secrets providers: [nextflow.secret.LocalSecretsProvider@76544c0a] - activable => nextflow.secret.LocalSecretsProvider@76544c0a
Nov-21 10:26:39.405 [main] DEBUG nextflow.Session - Session UUID: dd059a0b-1ae3-4e07-a76d-7aa1640085b9
Nov-21 10:26:39.405 [main] DEBUG nextflow.Session - Run name: peaceful_brown
Nov-21 10:26:39.405 [main] DEBUG nextflow.Session - Executor pool size: 48
Nov-21 10:26:39.414 [main] DEBUG nextflow.util.ThreadPoolBuilder - Creating thread pool 'FileTransfer' minSize=10; maxSize=144; workQueue=LinkedBlockingQueue[10000]; allowCoreThreadTimeout=false
Nov-21 10:26:39.447 [main] DEBUG nextflow.cli.CmdRun - 
  Version: 23.04.3 build 5876
  Created: 18-09-2023 03:27 UTC (13:27 GMT+10:00)
  System: Linux 4.18.0-477.27.1.el8.nci.x86_64
  Runtime: Groovy 3.0.16 on OpenJDK 64-Bit Server VM 17.0.2+8-86
  Encoding: UTF-8 (UTF-8)
  Process: 3499912@gadi-login-06.gadi.nci.org.au [10.6.152.6]
  CPUs: 48 - Mem: 4 GB (2.2 GB) - Swap: 16 GB (14.2 GB)
Nov-21 10:26:39.746 [main] DEBUG nextflow.Session - Work-dir: /g/data/xl04/ka6418/github/ausarg/nextflow/non-experimental/work [lustre]
Nov-21 10:26:39.746 [main] DEBUG nextflow.Session - Script base path does not exist or is not a directory: /g/data/xl04/ka6418/github/ausarg/nextflow/non-experimental/bin
Nov-21 10:26:39.776 [main] DEBUG nextflow.executor.ExecutorFactory - Extension executors providers=[GoogleLifeSciencesExecutor, AwsBatchExecutor, GoogleBatchExecutor]
Nov-21 10:26:39.786 [main] DEBUG nextflow.Session - Observer factory: DefaultObserverFactory
Nov-21 10:26:39.788 [main] DEBUG nextflow.Session - Observer factory: TowerFactory
Nov-21 10:26:39.804 [main] DEBUG nextflow.cache.CacheFactory - Using Nextflow cache factory: nextflow.cache.DefaultCacheFactory
Nov-21 10:26:39.812 [main] DEBUG nextflow.util.CustomThreadPool - Creating default thread pool > poolSize: 49; maxThreads: 1000
Nov-21 10:26:41.798 [main] DEBUG nextflow.Session - Session start
Nov-21 10:26:42.127 [main] DEBUG nextflow.script.ScriptRunner - > Launching execution
Nov-21 10:26:42.138 [main] DEBUG nextflow.plugin.PluginUpdater - Installing plugin nf-sqldb version: latest
Nov-21 10:26:42.702 [main] INFO  org.pf4j.AbstractPluginManager - Plugin 'nf-sqldb@0.5.0' resolved
Nov-21 10:26:42.702 [main] INFO  org.pf4j.AbstractPluginManager - Start plugin 'nf-sqldb@0.5.0'
Nov-21 10:26:42.718 [main] DEBUG nextflow.plugin.BasePlugin - Plugin started nf-sqldb@0.5.0
Nov-21 10:26:42.718 [main] DEBUG nextflow.script.IncludeDef - Loading included plugin extensions with names: [fromQuery:fromQuery]; plugin Id: nf-sqldb
Nov-21 10:26:42.830 [main] DEBUG nextflow.executor.ExecutorFactory - << taskConfig executor: pbspro
Nov-21 10:26:42.830 [main] DEBUG nextflow.executor.ExecutorFactory - >> processorType: 'pbspro'
Nov-21 10:26:42.835 [main] DEBUG nextflow.executor.Executor - [warm up] executor > pbspro
Nov-21 10:26:42.839 [main] DEBUG n.processor.TaskPollingMonitor - Creating task monitor for executor 'pbspro' > capacity: 100; pollInterval: 5s; dumpInterval: 5m 
Nov-21 10:26:42.842 [main] DEBUG n.executor.AbstractGridExecutor - Creating executor 'pbspro' > queue-stat-interval: 1m
Nov-21 10:26:42.887 [main] DEBUG nextflow.Session - Workflow process names [dsl2]: fastqmetrics
Nov-21 10:26:42.887 [main] DEBUG nextflow.Session - Igniting dataflow network (2)
Nov-21 10:26:42.887 [main] DEBUG nextflow.sql.QueryHandler - Creating SQL connection: SqlDataSource[url=jdbc:sqlite:/g/data/xl04/ka6418/github/ausarg/nextflow/pipeline/inputdb.db; driver=org.sqlite.JDBC; user=sa; password=null]
Nov-21 10:26:43.001 [main] DEBUG nextflow.processor.TaskProcessor - Starting process > fastqmetrics
Nov-21 10:26:43.002 [main] DEBUG nextflow.script.ScriptRunner - > Awaiting termination 
Nov-21 10:26:43.002 [main] DEBUG nextflow.Session - Session await
Nov-21 10:26:43.176 [Task submitter] WARN  nextflow.executor.PbsProExecutor - cpus and memory directives are ignored when clusterOptions contains -l option
tip: clusterOptions = { "-l ncpus=${task.cpus},mem=${task.memory.toGiga()}G..." }
Nov-21 10:26:43.692 [Task submitter] DEBUG nextflow.executor.GridTaskHandler - [PBSPRO] submitted process fastqmetrics (1) > jobId: 101934496.gadi-pbs; workDir: /g/data/xl04/ka6418/github/ausarg/nextflow/non-experimental/work/03/030c8b866bd010185460ea992462a8
Nov-21 10:26:43.693 [Task submitter] INFO  nextflow.Session - [03/030c8b] Submitted process > fastqmetrics (1)
Nov-21 10:27:23.511 [Task monitor] DEBUG n.processor.TaskPollingMonitor - Task completed > TaskHandler[jobId: 101934496.gadi-pbs; id: 1; name: fastqmetrics (1); status: COMPLETED; exit: 0; error: -; workDir: /g/data/xl04/ka6418/github/ausarg/nextflow/non-experimental/work/03/030c8b866bd010185460ea992462a8 started: 1700526432984; exited: 2023-11-21T00:27:19Z; ]
Nov-21 10:27:25.373 [Task monitor] DEBUG nextflow.util.ThreadPoolBuilder - Creating thread pool 'PublishDir' minSize=10; maxSize=144; workQueue=LinkedBlockingQueue[10000]; allowCoreThreadTimeout=false
Nov-21 10:27:25.379 [main] DEBUG nextflow.Session - Session await > all processes finished
Nov-21 10:27:27.847 [main] DEBUG nextflow.Session - Session await > all barriers passed
Nov-21 10:27:27.850 [main] DEBUG nextflow.util.ThreadPoolManager - Thread pool 'PublishDir' shutdown completed (hard=false)
Nov-21 10:27:27.860 [main] DEBUG nextflow.trace.WorkflowStatsObserver - Workflow completed > WorkflowStats[succeededCount=1; failedCount=0; ignoredCount=0; cachedCount=0; pendingCount=0; submittedCount=0; runningCount=0; retriesCount=0; abortedCount=0; succeedDuration=10.5s; failedDuration=0ms; cachedDuration=0ms;loadCpus=0; loadMemory=0; peakRunning=1; peakCpus=1; peakMemory=0; ]
Nov-21 10:27:27.983 [main] DEBUG nextflow.cache.CacheDB - Closing CacheDB done
Nov-21 10:27:27.983 [main] INFO  org.pf4j.AbstractPluginManager - Stop plugin 'nf-sqldb@0.5.0'
Nov-21 10:27:27.983 [main] DEBUG nextflow.plugin.BasePlugin - Plugin stopped nf-sqldb
Nov-21 10:27:28.184 [main] DEBUG nextflow.util.ThreadPoolManager - Thread pool 'FileTransfer' shutdown completed (hard=false)
Nov-21 10:27:28.184 [main] DEBUG nextflow.script.ScriptRunner - > Execution complete -- Goodbye
