Nov-22 16:04:07.713 [main] DEBUG nextflow.cli.Launcher - $> nextflow /g/data/xl04/ka6418/github/ausarg/nextflow/scaffolding_pipeline/scaffold_jigsaw.nf --fasta /g/data/xl04/ka6418/nextflow_testing/testdata/asm.contigs.fasta --mappedreads /g/data/xl04/ka6418/nextflow_testing/arimatest/asm.contigs_ArimaHiC.bam
Nov-22 16:04:07.794 [main] INFO  nextflow.cli.CmdRun - N E X T F L O W  ~  version 23.04.3
Nov-22 16:04:07.810 [main] DEBUG nextflow.plugin.PluginsFacade - Setting up plugin manager > mode=prod; embedded=false; plugins-dir=/home/150/ka6418/.nextflow/plugins; core-plugins: nf-amazon@1.16.2,nf-azure@1.0.1,nf-codecommit@0.1.4,nf-console@1.0.5,nf-ga4gh@1.0.5,nf-google@1.7.3,nf-tower@1.5.12,nf-wave@0.8.4
Nov-22 16:04:07.818 [main] INFO  org.pf4j.DefaultPluginStatusProvider - Enabled plugins: []
Nov-22 16:04:07.819 [main] INFO  org.pf4j.DefaultPluginStatusProvider - Disabled plugins: []
Nov-22 16:04:07.822 [main] INFO  org.pf4j.DefaultPluginManager - PF4J version 3.4.1 in 'deployment' mode
Nov-22 16:04:07.830 [main] INFO  org.pf4j.AbstractPluginManager - No plugins
Nov-22 16:04:07.919 [main] DEBUG nextflow.cli.CmdRun - Applied DSL=2 by global default
Nov-22 16:04:07.926 [main] INFO  nextflow.cli.CmdRun - Launching `/g/data/xl04/ka6418/github/ausarg/nextflow/scaffolding_pipeline/scaffold_jigsaw.nf` [elated_shaw] DSL2 - revision: f6f1119136
Nov-22 16:04:07.927 [main] DEBUG nextflow.plugin.PluginsFacade - Plugins default=[]
Nov-22 16:04:07.927 [main] DEBUG nextflow.plugin.PluginsFacade - Plugins resolved requirement=[]
Nov-22 16:04:07.937 [main] DEBUG nextflow.secret.LocalSecretsProvider - Secrets store: /home/150/ka6418/.nextflow/secrets/store.json
Nov-22 16:04:07.942 [main] DEBUG nextflow.secret.SecretsLoader - Discovered secrets providers: [nextflow.secret.LocalSecretsProvider@21c7208d] - activable => nextflow.secret.LocalSecretsProvider@21c7208d
Nov-22 16:04:07.996 [main] DEBUG nextflow.Session - Session UUID: 998d4bea-3ca9-4e7e-ab25-35a834a2a2c1
Nov-22 16:04:07.996 [main] DEBUG nextflow.Session - Run name: elated_shaw
Nov-22 16:04:07.997 [main] DEBUG nextflow.Session - Executor pool size: 48
Nov-22 16:04:08.006 [main] DEBUG nextflow.util.ThreadPoolBuilder - Creating thread pool 'FileTransfer' minSize=10; maxSize=144; workQueue=LinkedBlockingQueue[10000]; allowCoreThreadTimeout=false
Nov-22 16:04:08.033 [main] DEBUG nextflow.cli.CmdRun - 
  Version: 23.04.3 build 5876
  Created: 18-09-2023 03:27 UTC (13:27 GMT+10:00)
  System: Linux 4.18.0-477.27.1.el8.nci.x86_64
  Runtime: Groovy 3.0.16 on OpenJDK 64-Bit Server VM 17.0.2+8-86
  Encoding: UTF-8 (UTF-8)
  Process: 2581973@gadi-login-05.gadi.nci.org.au [10.6.152.5]
  CPUs: 48 - Mem: 4 GB (1.7 GB) - Swap: 16 GB (15.2 GB)
Nov-22 16:04:08.065 [main] DEBUG nextflow.Session - Work-dir: /g/data/xl04/ka6418/github/ausarg/nextflow/scaffolding_pipeline/work [lustre]
Nov-22 16:04:08.066 [main] DEBUG nextflow.Session - Script base path does not exist or is not a directory: /g/data/xl04/ka6418/github/ausarg/nextflow/scaffolding_pipeline/bin
Nov-22 16:04:08.098 [main] DEBUG nextflow.executor.ExecutorFactory - Extension executors providers=[GoogleLifeSciencesExecutor, AwsBatchExecutor, GoogleBatchExecutor]
Nov-22 16:04:08.107 [main] DEBUG nextflow.Session - Observer factory: DefaultObserverFactory
Nov-22 16:04:08.109 [main] DEBUG nextflow.Session - Observer factory: TowerFactory
Nov-22 16:04:08.126 [main] DEBUG nextflow.cache.CacheFactory - Using Nextflow cache factory: nextflow.cache.DefaultCacheFactory
Nov-22 16:04:08.133 [main] DEBUG nextflow.util.CustomThreadPool - Creating default thread pool > poolSize: 49; maxThreads: 1000
Nov-22 16:04:08.321 [main] DEBUG nextflow.Session - Session start
Nov-22 16:04:08.886 [main] DEBUG nextflow.script.ScriptRunner - > Launching execution
Nov-22 16:04:08.966 [main] DEBUG nextflow.executor.ExecutorFactory - << taskConfig executor: pbspro
Nov-22 16:04:08.966 [main] DEBUG nextflow.executor.ExecutorFactory - >> processorType: 'pbspro'
Nov-22 16:04:09.009 [main] DEBUG nextflow.executor.Executor - [warm up] executor > pbspro
Nov-22 16:04:09.018 [main] DEBUG n.processor.TaskPollingMonitor - Creating task monitor for executor 'pbspro' > capacity: 100; pollInterval: 5s; dumpInterval: 5m 
Nov-22 16:04:09.022 [main] DEBUG n.executor.AbstractGridExecutor - Creating executor 'pbspro' > queue-stat-interval: 1m
Nov-22 16:04:09.156 [main] DEBUG nextflow.Session - Workflow process names [dsl2]: arima_mapping, yahs
Nov-22 16:04:09.156 [main] DEBUG nextflow.Session - Igniting dataflow network (1)
Nov-22 16:04:09.156 [main] DEBUG nextflow.processor.TaskProcessor - Starting process > yahs
Nov-22 16:04:09.157 [main] DEBUG nextflow.script.ScriptRunner - > Awaiting termination 
Nov-22 16:04:09.157 [main] DEBUG nextflow.Session - Session await
Nov-22 16:04:09.335 [Task submitter] WARN  nextflow.executor.PbsProExecutor - cpus and memory directives are ignored when clusterOptions contains -l option
tip: clusterOptions = { "-l ncpus=${task.cpus},mem=${task.memory.toGiga()}G..." }
Nov-22 16:04:10.220 [Task submitter] DEBUG nextflow.executor.GridTaskHandler - [PBSPRO] submitted process yahs > jobId: 102120821.gadi-pbs; workDir: /g/data/xl04/ka6418/github/ausarg/nextflow/scaffolding_pipeline/work/f6/42762ad7149afcce95c6c70ec7288d
Nov-22 16:04:10.221 [Task submitter] INFO  nextflow.Session - [f6/42762a] Submitted process > yahs
Nov-22 16:04:39.033 [Task monitor] DEBUG n.processor.TaskPollingMonitor - Task completed > TaskHandler[jobId: 102120821.gadi-pbs; id: 1; name: yahs; status: COMPLETED; exit: 0; error: -; workDir: /g/data/xl04/ka6418/github/ausarg/nextflow/scaffolding_pipeline/work/f6/42762ad7149afcce95c6c70ec7288d started: 1700633074035; exited: 2023-11-22T06:04:34Z; ]
Nov-22 16:04:39.047 [main] DEBUG nextflow.Session - Session await > all processes finished
Nov-22 16:04:44.029 [main] DEBUG nextflow.Session - Session await > all barriers passed
Nov-22 16:04:44.040 [main] DEBUG nextflow.trace.WorkflowStatsObserver - Workflow completed > WorkflowStats[succeededCount=1; failedCount=0; ignoredCount=0; cachedCount=0; pendingCount=0; submittedCount=0; runningCount=0; retriesCount=0; abortedCount=0; succeedDuration=5s; failedDuration=0ms; cachedDuration=0ms;loadCpus=0; loadMemory=0; peakRunning=1; peakCpus=1; peakMemory=0; ]
Nov-22 16:04:44.095 [main] DEBUG nextflow.cache.CacheDB - Closing CacheDB done
Nov-22 16:04:44.125 [main] DEBUG nextflow.util.ThreadPoolManager - Thread pool 'FileTransfer' shutdown completed (hard=false)
Nov-22 16:04:44.125 [main] DEBUG nextflow.script.ScriptRunner - > Execution complete -- Goodbye
